{"C:\\Users\\Vickel\\Documents\\project\\CommanderHut\\src\\App.tsx": {"path":"C:\\Users\\Vickel\\Documents\\project\\CommanderHut\\src\\App.tsx","statementMap":{"0":{"start":{"line":56,"column":0},"end":{"line":56,"column":24}},"1":{"start":{"line":2,"column":0},"end":{"line":2,"column":55}},"2":{"start":{"line":4,"column":0},"end":{"line":4,"column":39}},"3":{"start":{"line":5,"column":0},"end":{"line":5,"column":87}},"4":{"start":{"line":7,"column":0},"end":{"line":7,"column":44}},"5":{"start":{"line":9,"column":0},"end":{"line":9,"column":41}},"6":{"start":{"line":10,"column":0},"end":{"line":10,"column":40}},"7":{"start":{"line":11,"column":0},"end":{"line":11,"column":40}},"8":{"start":{"line":12,"column":0},"end":{"line":12,"column":38}},"9":{"start":{"line":13,"column":0},"end":{"line":13,"column":34}},"10":{"start":{"line":14,"column":0},"end":{"line":14,"column":48}},"11":{"start":{"line":16,"column":0},"end":{"line":16,"column":37}},"12":{"start":{"line":19,"column":0},"end":{"line":19,"column":32}},"13":{"start":{"line":20,"column":0},"end":{"line":20,"column":38}},"14":{"start":{"line":21,"column":0},"end":{"line":21,"column":50}},"15":{"start":{"line":23,"column":21},"end":{"line":53,"column":1}},"16":{"start":{"line":24,"column":2},"end":{"line":24,"column":12}},"17":{"start":{"line":26,"column":19},"end":{"line":26,"column":80}},"18":{"start":{"line":26,"column":53},"end":{"line":26,"column":79}},"19":{"start":{"line":29,"column":24},"end":{"line":36,"column":4}},"20":{"start":{"line":38,"column":2},"end":{"line":52,"column":4}},"21":{"start":{"line":57,"column":2},"end":{"line":61,"column":4}},"22":{"start":{"line":64,"column":20},"end":{"line":76,"column":2}}},"fnMap":{"0":{"name":"(anonymous_1)","decl":{"start":{"line":23,"column":21},"end":{"line":23,"column":24}},"loc":{"start":{"line":23,"column":26},"end":{"line":53,"column":1}}},"1":{"name":"(anonymous_2)","decl":{"start":{"line":26,"column":31},"end":{"line":26,"column":32}},"loc":{"start":{"line":26,"column":53},"end":{"line":26,"column":79}}},"2":{"name":"App","decl":{"start":{"line":56,"column":24},"end":{"line":56,"column":27}},"loc":{"start":{"line":56,"column":27},"end":{"line":62,"column":1}}}},"branchMap":{"0":{"loc":{"start":{"line":34,"column":12},"end":{"line":34,"column":38}},"type":"cond-expr","locations":[{"start":{"line":34,"column":23},"end":{"line":34,"column":25}},{"start":{"line":34,"column":28},"end":{"line":34,"column":38}}]},"1":{"loc":{"start":{"line":35,"column":12},"end":{"line":35,"column":35}},"type":"cond-expr","locations":[{"start":{"line":35,"column":23},"end":{"line":35,"column":25}},{"start":{"line":35,"column":28},"end":{"line":35,"column":35}}]}},"s":{"0":0,"1":0,"2":0,"3":0,"4":0,"5":0,"6":0,"7":0,"8":0,"9":0,"10":0,"11":0,"12":0,"13":0,"14":0,"15":0,"16":0,"17":0,"18":0,"19":0,"20":0,"21":0,"22":0},"f":{"0":0,"1":0,"2":0},"b":{"0":[0,0],"1":[0,0]}}
,"C:\\Users\\Vickel\\Documents\\project\\CommanderHut\\src\\Components\\FilterCards.tsx": {"path":"C:\\Users\\Vickel\\Documents\\project\\CommanderHut\\src\\Components\\FilterCards.tsx","statementMap":{"0":{"start":{"line":9,"column":20},"end":{"line":15,"column":1}},"1":{"start":{"line":10,"column":4},"end":{"line":14,"column":6}},"2":{"start":{"line":17,"column":0},"end":{"line":17,"column":27}}},"fnMap":{"0":{"name":"(anonymous_0)","decl":{"start":{"line":9,"column":20},"end":{"line":9,"column":21}},"loc":{"start":{"line":9,"column":37},"end":{"line":15,"column":1}}}},"branchMap":{},"s":{"0":0,"1":0,"2":0},"f":{"0":0},"b":{}}
,"C:\\Users\\Vickel\\Documents\\project\\CommanderHut\\src\\Components\\Navbar.tsx": {"path":"C:\\Users\\Vickel\\Documents\\project\\CommanderHut\\src\\Components\\Navbar.tsx","statementMap":{"0":{"start":{"line":1,"column":0},"end":{"line":1,"column":40}},"1":{"start":{"line":2,"column":0},"end":{"line":2,"column":39}},"2":{"start":{"line":4,"column":0},"end":{"line":4,"column":55}},"3":{"start":{"line":5,"column":0},"end":{"line":5,"column":60}},"4":{"start":{"line":8,"column":0},"end":{"line":8,"column":41}},"5":{"start":{"line":9,"column":0},"end":{"line":9,"column":56}},"6":{"start":{"line":10,"column":0},"end":{"line":10,"column":47}},"7":{"start":{"line":19,"column":15},"end":{"line":37,"column":1}},"8":{"start":{"line":20,"column":21},"end":{"line":20,"column":34}},"9":{"start":{"line":21,"column":21},"end":{"line":21,"column":82}},"10":{"start":{"line":21,"column":55},"end":{"line":21,"column":81}},"11":{"start":{"line":23,"column":19},"end":{"line":26,"column":5}},"12":{"start":{"line":24,"column":8},"end":{"line":24,"column":21}},"13":{"start":{"line":25,"column":8},"end":{"line":25,"column":33}},"14":{"start":{"line":28,"column":4},"end":{"line":36,"column":6}},"15":{"start":{"line":31,"column":16},"end":{"line":31,"column":null}},"16":{"start":{"line":39,"column":0},"end":{"line":39,"column":22}},"17":{"start":{"line":41,"column":28},"end":{"line":47,"column":2}},"18":{"start":{"line":49,"column":17},"end":{"line":54,"column":2}}},"fnMap":{"0":{"name":"(anonymous_1)","decl":{"start":{"line":19,"column":15},"end":{"line":19,"column":16}},"loc":{"start":{"line":19,"column":34},"end":{"line":37,"column":1}}},"1":{"name":"(anonymous_2)","decl":{"start":{"line":21,"column":33},"end":{"line":21,"column":34}},"loc":{"start":{"line":21,"column":55},"end":{"line":21,"column":81}}},"2":{"name":"(anonymous_3)","decl":{"start":{"line":23,"column":19},"end":{"line":23,"column":22}},"loc":{"start":{"line":23,"column":24},"end":{"line":26,"column":5}}},"3":{"name":"(anonymous_4)","decl":{"start":{"line":30,"column":21},"end":{"line":30,"column":22}},"loc":{"start":{"line":30,"column":37},"end":{"line":32,"column":13}}}},"branchMap":{"0":{"loc":{"start":{"line":34,"column":13},"end":{"line":34,"column":74}},"type":"cond-expr","locations":[{"start":{"line":34,"column":24},"end":{"line":34,"column":67}},{"start":{"line":34,"column":70},"end":{"line":34,"column":74}}]}},"s":{"0":0,"1":0,"2":0,"3":0,"4":0,"5":0,"6":0,"7":0,"8":0,"9":0,"10":0,"11":0,"12":0,"13":0,"14":0,"15":0,"16":0,"17":0,"18":0},"f":{"0":0,"1":0,"2":0,"3":0},"b":{"0":[0,0]}}
,"C:\\Users\\Vickel\\Documents\\project\\CommanderHut\\src\\Components\\Card\\CardModal.tsx": {"path":"C:\\Users\\Vickel\\Documents\\project\\CommanderHut\\src\\Components\\Card\\CardModal.tsx","statementMap":{"0":{"start":{"line":3,"column":0},"end":{"line":3,"column":39}},"1":{"start":{"line":13,"column":40},"end":{"line":25,"column":1}},"2":{"start":{"line":14,"column":2},"end":{"line":14,"column":27}},"3":{"start":{"line":14,"column":15},"end":{"line":14,"column":27}},"4":{"start":{"line":16,"column":2},"end":{"line":24,"column":4}},"5":{"start":{"line":27,"column":0},"end":{"line":27,"column":25}},"6":{"start":{"line":29,"column":18},"end":{"line":32,"column":2}},"7":{"start":{"line":35,"column":16},"end":{"line":39,"column":2}},"8":{"start":{"line":41,"column":17},"end":{"line":45,"column":2}},"9":{"start":{"line":47,"column":20},"end":{"line":59,"column":2}},"10":{"start":{"line":61,"column":20},"end":{"line":73,"column":2}}},"fnMap":{"0":{"name":"(anonymous_1)","decl":{"start":{"line":13,"column":40},"end":{"line":13,"column":41}},"loc":{"start":{"line":13,"column":74},"end":{"line":25,"column":1}}}},"branchMap":{"0":{"loc":{"start":{"line":14,"column":2},"end":{"line":14,"column":27}},"type":"if","locations":[{"start":{"line":14,"column":2},"end":{"line":14,"column":27}}]}},"s":{"0":0,"1":0,"2":0,"3":0,"4":0,"5":0,"6":0,"7":0,"8":0,"9":0,"10":0},"f":{"0":0},"b":{"0":[0]}}
,"C:\\Users\\Vickel\\Documents\\project\\CommanderHut\\src\\Components\\Deck\\Deck.tsx": {"path":"C:\\Users\\Vickel\\Documents\\project\\CommanderHut\\src\\Components\\Deck\\Deck.tsx","statementMap":{"0":{"start":{"line":18,"column":34},"end":{"line":24,"column":1}},"1":{"start":{"line":19,"column":2},"end":{"line":23,"column":4}},"2":{"start":{"line":26,"column":0},"end":{"line":26,"column":20}}},"fnMap":{"0":{"name":"(anonymous_0)","decl":{"start":{"line":18,"column":34},"end":{"line":18,"column":35}},"loc":{"start":{"line":18,"column":51},"end":{"line":24,"column":1}}}},"branchMap":{},"s":{"0":0,"1":0,"2":0},"f":{"0":0},"b":{}}
,"C:\\Users\\Vickel\\Documents\\project\\CommanderHut\\src\\Components\\Deck\\DeckImport.tsx": {"path":"C:\\Users\\Vickel\\Documents\\project\\CommanderHut\\src\\Components\\Deck\\DeckImport.tsx","statementMap":{"0":{"start":{"line":1,"column":0},"end":{"line":1,"column":29}},"1":{"start":{"line":2,"column":0},"end":{"line":2,"column":40}},"2":{"start":{"line":3,"column":0},"end":{"line":3,"column":39}},"3":{"start":{"line":14,"column":46},"end":{"line":132,"column":1}},"4":{"start":{"line":15,"column":38},"end":{"line":15,"column":53}},"5":{"start":{"line":16,"column":42},"end":{"line":16,"column":66}},"6":{"start":{"line":18,"column":21},"end":{"line":73,"column":3}},"7":{"start":{"line":19,"column":26},"end":{"line":19,"column":52}},"8":{"start":{"line":20,"column":19},"end":{"line":20,"column":35}},"9":{"start":{"line":22,"column":4},"end":{"line":65,"column":6}},"10":{"start":{"line":23,"column":6},"end":{"line":64,"column":7}},"11":{"start":{"line":24,"column":21},"end":{"line":24,"column":47}},"12":{"start":{"line":27,"column":8},"end":{"line":29,"column":9}},"13":{"start":{"line":28,"column":10},"end":{"line":28,"column":64}},"14":{"start":{"line":31,"column":8},"end":{"line":60,"column":9}},"15":{"start":{"line":32,"column":37},"end":{"line":32,"column":53}},"16":{"start":{"line":33,"column":10},"end":{"line":33,"column":34}},"17":{"start":{"line":34,"column":10},"end":{"line":34,"column":27}},"18":{"start":{"line":35,"column":15},"end":{"line":60,"column":9}},"19":{"start":{"line":36,"column":23},"end":{"line":36,"column":70}},"20":{"start":{"line":37,"column":27},"end":{"line":37,"column":61}},"21":{"start":{"line":38,"column":28},"end":{"line":38,"column":50}},"22":{"start":{"line":39,"column":24},"end":{"line":39,"column":50}},"23":{"start":{"line":40,"column":35},"end":{"line":40,"column":66}},"24":{"start":{"line":41,"column":10},"end":{"line":41,"column":32}},"25":{"start":{"line":42,"column":10},"end":{"line":42,"column":25}},"26":{"start":{"line":43,"column":15},"end":{"line":60,"column":9}},"27":{"start":{"line":45,"column":24},"end":{"line":54,"column":12}},"28":{"start":{"line":46,"column":26},"end":{"line":46,"column":48}},"29":{"start":{"line":47,"column":38},"end":{"line":47,"column":62}},"30":{"start":{"line":48,"column":35},"end":{"line":48,"column":71}},"31":{"start":{"line":50,"column":25},"end":{"line":50,"column":117}},"32":{"start":{"line":51,"column":37},"end":{"line":51,"column":76}},"33":{"start":{"line":53,"column":12},"end":{"line":53,"column":46}},"34":{"start":{"line":56,"column":10},"end":{"line":56,"column":33}},"35":{"start":{"line":57,"column":10},"end":{"line":57,"column":26}},"36":{"start":{"line":59,"column":10},"end":{"line":59,"column":80}},"37":{"start":{"line":62,"column":8},"end":{"line":62,"column":49}},"38":{"start":{"line":63,"column":8},"end":{"line":63,"column":56}},"39":{"start":{"line":68,"column":4},"end":{"line":72,"column":5}},"40":{"start":{"line":69,"column":6},"end":{"line":69,"column":30}},"41":{"start":{"line":71,"column":6},"end":{"line":71,"column":37}},"42":{"start":{"line":75,"column":21},"end":{"line":81,"column":3}},"43":{"start":{"line":76,"column":4},"end":{"line":76,"column":23}},"44":{"start":{"line":77,"column":4},"end":{"line":77,"column":25}},"45":{"start":{"line":78,"column":4},"end":{"line":80,"column":5}},"46":{"start":{"line":79,"column":6},"end":{"line":79,"column":42}},"47":{"start":{"line":83,"column":28},"end":{"line":87,"column":3}},"48":{"start":{"line":84,"column":4},"end":{"line":86,"column":5}},"49":{"start":{"line":85,"column":6},"end":{"line":85,"column":36}},"50":{"start":{"line":90,"column":21},"end":{"line":97,"column":3}},"51":{"start":{"line":91,"column":52},"end":{"line":91,"column":54}},"52":{"start":{"line":92,"column":4},"end":{"line":95,"column":7}},"53":{"start":{"line":93,"column":18},"end":{"line":93,"column":27}},"54":{"start":{"line":94,"column":6},"end":{"line":94,"column":55}},"55":{"start":{"line":96,"column":4},"end":{"line":96,"column":24}},"56":{"start":{"line":99,"column":23},"end":{"line":99,"column":47}},"57":{"start":{"line":101,"column":2},"end":{"line":131,"column":4}},"58":{"start":{"line":117,"column":12},"end":{"line":117,"column":31}},"59":{"start":{"line":118,"column":12},"end":{"line":118,"column":32}},"60":{"start":{"line":120,"column":29},"end":{"line":120,"column":49}},"61":{"start":{"line":134,"column":0},"end":{"line":134,"column":26}},"62":{"start":{"line":136,"column":18},"end":{"line":140,"column":2}},"63":{"start":{"line":142,"column":15},"end":{"line":142,"column":27}},"64":{"start":{"line":144,"column":14},"end":{"line":146,"column":2}},"65":{"start":{"line":148,"column":20},"end":{"line":152,"column":2}},"66":{"start":{"line":154,"column":19},"end":{"line":166,"column":2}},"67":{"start":{"line":158,"column":39},"end":{"line":158,"column":70}},"68":{"start":{"line":168,"column":20},"end":{"line":174,"column":2}}},"fnMap":{"0":{"name":"(anonymous_10)","decl":{"start":{"line":14,"column":46},"end":{"line":14,"column":47}},"loc":{"start":{"line":14,"column":63},"end":{"line":132,"column":1}}},"1":{"name":"(anonymous_11)","decl":{"start":{"line":18,"column":21},"end":{"line":18,"column":22}},"loc":{"start":{"line":18,"column":36},"end":{"line":73,"column":3}}},"2":{"name":"(anonymous_12)","decl":{"start":{"line":22,"column":20},"end":{"line":22,"column":21}},"loc":{"start":{"line":22,"column":26},"end":{"line":65,"column":5}}},"3":{"name":"(anonymous_13)","decl":{"start":{"line":45,"column":45},"end":{"line":45,"column":46}},"loc":{"start":{"line":45,"column":54},"end":{"line":54,"column":11}}},"4":{"name":"(anonymous_14)","decl":{"start":{"line":75,"column":21},"end":{"line":75,"column":22}},"loc":{"start":{"line":75,"column":60},"end":{"line":81,"column":3}}},"5":{"name":"(anonymous_15)","decl":{"start":{"line":83,"column":28},"end":{"line":83,"column":29}},"loc":{"start":{"line":83,"column":71},"end":{"line":87,"column":3}}},"6":{"name":"(anonymous_16)","decl":{"start":{"line":90,"column":21},"end":{"line":90,"column":22}},"loc":{"start":{"line":90,"column":43},"end":{"line":97,"column":3}}},"7":{"name":"(anonymous_17)","decl":{"start":{"line":92,"column":18},"end":{"line":92,"column":19}},"loc":{"start":{"line":92,"column":27},"end":{"line":95,"column":5}}},"8":{"name":"(anonymous_18)","decl":{"start":{"line":116,"column":22},"end":{"line":116,"column":23}},"loc":{"start":{"line":116,"column":28},"end":{"line":119,"column":11}}},"9":{"name":"(anonymous_19)","decl":{"start":{"line":120,"column":23},"end":{"line":120,"column":26}},"loc":{"start":{"line":120,"column":29},"end":{"line":120,"column":49}}},"10":{"name":"(anonymous_20)","decl":{"start":{"line":158,"column":18},"end":{"line":158,"column":19}},"loc":{"start":{"line":158,"column":39},"end":{"line":158,"column":70}}}},"branchMap":{"0":{"loc":{"start":{"line":24,"column":21},"end":{"line":24,"column":47}},"type":"cond-expr","locations":[{"start":{"line":24,"column":29},"end":{"line":24,"column":31}},{"start":{"line":24,"column":29},"end":{"line":24,"column":47}}]},"1":{"loc":{"start":{"line":24,"column":21},"end":{"line":24,"column":31}},"type":"binary-expr","locations":[{"start":{"line":24,"column":21},"end":{"line":24,"column":31}},{"start":{"line":24,"column":29},"end":{"line":24,"column":31}}]},"2":{"loc":{"start":{"line":27,"column":8},"end":{"line":29,"column":9}},"type":"if","locations":[{"start":{"line":27,"column":8},"end":{"line":29,"column":9}}]},"3":{"loc":{"start":{"line":27,"column":12},"end":{"line":27,"column":45}},"type":"binary-expr","locations":[{"start":{"line":27,"column":12},"end":{"line":27,"column":17}},{"start":{"line":27,"column":21},"end":{"line":27,"column":45}}]},"4":{"loc":{"start":{"line":31,"column":8},"end":{"line":60,"column":9}},"type":"if","locations":[{"start":{"line":31,"column":8},"end":{"line":60,"column":9}},{"start":{"line":35,"column":15},"end":{"line":60,"column":9}}]},"5":{"loc":{"start":{"line":35,"column":15},"end":{"line":60,"column":9}},"type":"if","locations":[{"start":{"line":35,"column":15},"end":{"line":60,"column":9}},{"start":{"line":43,"column":15},"end":{"line":60,"column":9}}]},"6":{"loc":{"start":{"line":35,"column":19},"end":{"line":35,"column":70}},"type":"binary-expr","locations":[{"start":{"line":35,"column":19},"end":{"line":35,"column":43}},{"start":{"line":35,"column":47},"end":{"line":35,"column":70}}]},"7":{"loc":{"start":{"line":36,"column":38},"end":{"line":36,"column":69}},"type":"cond-expr","locations":[{"start":{"line":36,"column":46},"end":{"line":36,"column":48}},{"start":{"line":36,"column":46},"end":{"line":36,"column":69}}]},"8":{"loc":{"start":{"line":36,"column":38},"end":{"line":36,"column":48}},"type":"binary-expr","locations":[{"start":{"line":36,"column":38},"end":{"line":36,"column":48}},{"start":{"line":36,"column":46},"end":{"line":36,"column":48}}]},"9":{"loc":{"start":{"line":43,"column":15},"end":{"line":60,"column":9}},"type":"if","locations":[{"start":{"line":43,"column":15},"end":{"line":60,"column":9}},{"start":{"line":58,"column":15},"end":{"line":60,"column":9}}]},"10":{"loc":{"start":{"line":50,"column":25},"end":{"line":50,"column":117}},"type":"cond-expr","locations":[{"start":{"line":50,"column":42},"end":{"line":50,"column":97}},{"start":{"line":50,"column":100},"end":{"line":50,"column":117}}]},"11":{"loc":{"start":{"line":51,"column":37},"end":{"line":51,"column":76}},"type":"cond-expr","locations":[{"start":{"line":51,"column":54},"end":{"line":51,"column":71}},{"start":{"line":51,"column":74},"end":{"line":51,"column":76}}]},"12":{"loc":{"start":{"line":68,"column":4},"end":{"line":72,"column":5}},"type":"if","locations":[{"start":{"line":68,"column":4},"end":{"line":72,"column":5}},{"start":{"line":70,"column":11},"end":{"line":72,"column":5}}]},"13":{"loc":{"start":{"line":68,"column":8},"end":{"line":68,"column":59}},"type":"binary-expr","locations":[{"start":{"line":68,"column":8},"end":{"line":68,"column":32}},{"start":{"line":68,"column":36},"end":{"line":68,"column":59}}]},"14":{"loc":{"start":{"line":78,"column":4},"end":{"line":80,"column":5}},"type":"if","locations":[{"start":{"line":78,"column":4},"end":{"line":80,"column":5}}]},"15":{"loc":{"start":{"line":78,"column":8},"end":{"line":78,"column":33}},"type":"cond-expr","locations":[{"start":{"line":78,"column":28},"end":{"line":78,"column":31}},{"start":{"line":78,"column":28},"end":{"line":78,"column":33}}]},"16":{"loc":{"start":{"line":78,"column":8},"end":{"line":78,"column":31}},"type":"binary-expr","locations":[{"start":{"line":78,"column":8},"end":{"line":78,"column":31}},{"start":{"line":78,"column":28},"end":{"line":78,"column":31}}]},"17":{"loc":{"start":{"line":84,"column":4},"end":{"line":86,"column":5}},"type":"if","locations":[{"start":{"line":84,"column":4},"end":{"line":86,"column":5}}]},"18":{"loc":{"start":{"line":84,"column":8},"end":{"line":84,"column":27}},"type":"cond-expr","locations":[{"start":{"line":84,"column":22},"end":{"line":84,"column":25}},{"start":{"line":84,"column":22},"end":{"line":84,"column":27}}]},"19":{"loc":{"start":{"line":84,"column":8},"end":{"line":84,"column":25}},"type":"binary-expr","locations":[{"start":{"line":84,"column":8},"end":{"line":84,"column":25}},{"start":{"line":84,"column":22},"end":{"line":84,"column":25}}]},"20":{"loc":{"start":{"line":94,"column":27},"end":{"line":94,"column":49}},"type":"binary-expr","locations":[{"start":{"line":94,"column":27},"end":{"line":94,"column":44}},{"start":{"line":94,"column":48},"end":{"line":94,"column":49}}]},"21":{"loc":{"start":{"line":110,"column":7},"end":{"line":128,"column":null}},"type":"cond-expr","locations":[{"start":{"line":111,"column":8},"end":{"line":111,"column":null}},{"start":{"line":115,"column":8},"end":{"line":127,"column":null}}]},"22":{"loc":{"start":{"line":158,"column":39},"end":{"line":158,"column":70}},"type":"cond-expr","locations":[{"start":{"line":158,"column":52},"end":{"line":158,"column":61}},{"start":{"line":158,"column":64},"end":{"line":158,"column":70}}]}},"s":{"0":0,"1":0,"2":0,"3":0,"4":0,"5":0,"6":0,"7":0,"8":0,"9":0,"10":0,"11":0,"12":0,"13":0,"14":0,"15":0,"16":0,"17":0,"18":0,"19":0,"20":0,"21":0,"22":0,"23":0,"24":0,"25":0,"26":0,"27":0,"28":0,"29":0,"30":0,"31":0,"32":0,"33":0,"34":0,"35":0,"36":0,"37":0,"38":0,"39":0,"40":0,"41":0,"42":0,"43":0,"44":0,"45":0,"46":0,"47":0,"48":0,"49":0,"50":0,"51":0,"52":0,"53":0,"54":0,"55":0,"56":0,"57":0,"58":0,"59":0,"60":0,"61":0,"62":0,"63":0,"64":0,"65":0,"66":0,"67":0,"68":0},"f":{"0":0,"1":0,"2":0,"3":0,"4":0,"5":0,"6":0,"7":0,"8":0,"9":0,"10":0},"b":{"0":[0,0],"1":[0,0],"2":[0],"3":[0,0],"4":[0,0],"5":[0,0],"6":[0,0],"7":[0,0],"8":[0,0],"9":[0,0],"10":[0,0],"11":[0,0],"12":[0,0],"13":[0,0],"14":[0],"15":[0,0],"16":[0,0],"17":[0],"18":[0,0],"19":[0,0],"20":[0,0],"21":[0,0],"22":[0,0]}}
,"C:\\Users\\Vickel\\Documents\\project\\CommanderHut\\src\\Components\\UI_Components\\Button.tsx": {"path":"C:\\Users\\Vickel\\Documents\\project\\CommanderHut\\src\\Components\\UI_Components\\Button.tsx","statementMap":{"0":{"start":{"line":3,"column":0},"end":{"line":3,"column":39}},"1":{"start":{"line":10,"column":15},"end":{"line":12,"column":1}},"2":{"start":{"line":11,"column":2},"end":{"line":11,"column":69}},"3":{"start":{"line":14,"column":0},"end":{"line":14,"column":22}},"4":{"start":{"line":16,"column":24},"end":{"line":28,"column":2}}},"fnMap":{"0":{"name":"(anonymous_1)","decl":{"start":{"line":10,"column":15},"end":{"line":10,"column":16}},"loc":{"start":{"line":10,"column":44},"end":{"line":12,"column":1}}}},"branchMap":{},"s":{"0":0,"1":0,"2":0,"3":0,"4":0},"f":{"0":0},"b":{}}
,"C:\\Users\\Vickel\\Documents\\project\\CommanderHut\\src\\Components\\UI_Components\\Label.tsx": {"path":"C:\\Users\\Vickel\\Documents\\project\\CommanderHut\\src\\Components\\UI_Components\\Label.tsx","statementMap":{"0":{"start":{"line":2,"column":0},"end":{"line":2,"column":39}},"1":{"start":{"line":8,"column":14},"end":{"line":12,"column":1}},"2":{"start":{"line":9,"column":2},"end":{"line":11,"column":4}},"3":{"start":{"line":14,"column":0},"end":{"line":14,"column":21}},"4":{"start":{"line":16,"column":23},"end":{"line":18,"column":2}}},"fnMap":{"0":{"name":"(anonymous_1)","decl":{"start":{"line":8,"column":14},"end":{"line":8,"column":15}},"loc":{"start":{"line":8,"column":34},"end":{"line":12,"column":1}}}},"branchMap":{},"s":{"0":0,"1":0,"2":0,"3":0,"4":0},"f":{"0":0},"b":{}}
,"C:\\Users\\Vickel\\Documents\\project\\CommanderHut\\src\\Components\\UI_Components\\Modal.tsx": {"path":"C:\\Users\\Vickel\\Documents\\project\\CommanderHut\\src\\Components\\UI_Components\\Modal.tsx","statementMap":{"0":{"start":{"line":2,"column":0},"end":{"line":2,"column":39}},"1":{"start":{"line":13,"column":36},"end":{"line":38,"column":1}},"2":{"start":{"line":21,"column":2},"end":{"line":21,"column":27}},"3":{"start":{"line":21,"column":15},"end":{"line":21,"column":27}},"4":{"start":{"line":23,"column":2},"end":{"line":37,"column":4}},"5":{"start":{"line":40,"column":0},"end":{"line":40,"column":21}},"6":{"start":{"line":44,"column":16},"end":{"line":55,"column":2}},"7":{"start":{"line":57,"column":17},"end":{"line":65,"column":2}},"8":{"start":{"line":67,"column":15},"end":{"line":72,"column":2}},"9":{"start":{"line":74,"column":14},"end":{"line":77,"column":2}},"10":{"start":{"line":79,"column":20},"end":{"line":84,"column":2}},"11":{"start":{"line":86,"column":16},"end":{"line":88,"column":2}},"12":{"start":{"line":90,"column":15},"end":{"line":94,"column":2}},"13":{"start":{"line":96,"column":21},"end":{"line":102,"column":2}},"14":{"start":{"line":104,"column":21},"end":{"line":111,"column":2}}},"fnMap":{"0":{"name":"(anonymous_1)","decl":{"start":{"line":13,"column":36},"end":{"line":13,"column":37}},"loc":{"start":{"line":20,"column":5},"end":{"line":38,"column":1}}}},"branchMap":{"0":{"loc":{"start":{"line":17,"column":2},"end":{"line":17,"column":23}},"type":"default-arg","locations":[{"start":{"line":17,"column":10},"end":{"line":17,"column":23}}]},"1":{"loc":{"start":{"line":18,"column":2},"end":{"line":18,"column":24}},"type":"default-arg","locations":[{"start":{"line":18,"column":16},"end":{"line":18,"column":24}}]},"2":{"loc":{"start":{"line":21,"column":2},"end":{"line":21,"column":27}},"type":"if","locations":[{"start":{"line":21,"column":2},"end":{"line":21,"column":27}}]}},"s":{"0":0,"1":0,"2":0,"3":0,"4":0,"5":0,"6":0,"7":0,"8":0,"9":0,"10":0,"11":0,"12":0,"13":0,"14":0},"f":{"0":0},"b":{"0":[0],"1":[0],"2":[0]}}
,"C:\\Users\\Vickel\\Documents\\project\\CommanderHut\\src\\Components\\UI_Components\\Searchbar.tsx": {"path":"C:\\Users\\Vickel\\Documents\\project\\CommanderHut\\src\\Components\\UI_Components\\Searchbar.tsx","statementMap":{"0":{"start":{"line":1,"column":0},"end":{"line":1,"column":59}},"1":{"start":{"line":2,"column":0},"end":{"line":2,"column":39}},"2":{"start":{"line":9,"column":18},"end":{"line":80,"column":1}},"3":{"start":{"line":11,"column":28},"end":{"line":11,"column":40}},"4":{"start":{"line":12,"column":32},"end":{"line":12,"column":51}},"5":{"start":{"line":13,"column":42},"end":{"line":13,"column":57}},"6":{"start":{"line":14,"column":22},"end":{"line":14,"column":57}},"7":{"start":{"line":15,"column":21},"end":{"line":15,"column":49}},"8":{"start":{"line":18,"column":2},"end":{"line":26,"column":9}},"9":{"start":{"line":19,"column":31},"end":{"line":23,"column":5}},"10":{"start":{"line":20,"column":6},"end":{"line":22,"column":7}},"11":{"start":{"line":21,"column":8},"end":{"line":21,"column":31}},"12":{"start":{"line":24,"column":4},"end":{"line":24,"column":63}},"13":{"start":{"line":25,"column":4},"end":{"line":25,"column":79}},"14":{"start":{"line":25,"column":17},"end":{"line":25,"column":78}},"15":{"start":{"line":29,"column":2},"end":{"line":42,"column":28}},"16":{"start":{"line":30,"column":4},"end":{"line":30,"column":63}},"17":{"start":{"line":30,"column":29},"end":{"line":30,"column":63}},"18":{"start":{"line":32,"column":4},"end":{"line":35,"column":5}},"19":{"start":{"line":33,"column":6},"end":{"line":33,"column":21}},"20":{"start":{"line":34,"column":6},"end":{"line":34,"column":13}},"21":{"start":{"line":37,"column":4},"end":{"line":41,"column":12}},"22":{"start":{"line":37,"column":48},"end":{"line":41,"column":7}},"23":{"start":{"line":38,"column":22},"end":{"line":38,"column":47}},"24":{"start":{"line":39,"column":6},"end":{"line":39,"column":26}},"25":{"start":{"line":40,"column":6},"end":{"line":40,"column":28}},"26":{"start":{"line":44,"column":2},"end":{"line":79,"column":4}},"27":{"start":{"line":49,"column":25},"end":{"line":49,"column":49}},"28":{"start":{"line":52,"column":10},"end":{"line":52,"column":57}},"29":{"start":{"line":52,"column":35},"end":{"line":52,"column":57}},"30":{"start":{"line":57,"column":40},"end":{"line":75,"column":12}},"31":{"start":{"line":61,"column":16},"end":{"line":61,"column":31}},"32":{"start":{"line":62,"column":16},"end":{"line":62,"column":29}},"33":{"start":{"line":63,"column":16},"end":{"line":63,"column":31}},"34":{"start":{"line":64,"column":16},"end":{"line":64,"column":39}},"35":{"start":{"line":82,"column":0},"end":{"line":82,"column":25}},"36":{"start":{"line":84,"column":16},"end":{"line":87,"column":2}},"37":{"start":{"line":89,"column":14},"end":{"line":95,"column":2}},"38":{"start":{"line":97,"column":17},"end":{"line":113,"column":2}},"39":{"start":{"line":115,"column":15},"end":{"line":122,"column":2}},"40":{"start":{"line":124,"column":18},"end":{"line":129,"column":2}},"41":{"start":{"line":131,"column":17},"end":{"line":136,"column":2}},"42":{"start":{"line":138,"column":16},"end":{"line":141,"column":2}}},"fnMap":{"0":{"name":"(anonymous_8)","decl":{"start":{"line":9,"column":18},"end":{"line":9,"column":19}},"loc":{"start":{"line":9,"column":65},"end":{"line":80,"column":1}}},"1":{"name":"(anonymous_9)","decl":{"start":{"line":18,"column":12},"end":{"line":18,"column":15}},"loc":{"start":{"line":18,"column":17},"end":{"line":26,"column":3}}},"2":{"name":"(anonymous_10)","decl":{"start":{"line":19,"column":31},"end":{"line":19,"column":32}},"loc":{"start":{"line":19,"column":49},"end":{"line":23,"column":5}}},"3":{"name":"(anonymous_11)","decl":{"start":{"line":25,"column":11},"end":{"line":25,"column":14}},"loc":{"start":{"line":25,"column":17},"end":{"line":25,"column":78}}},"4":{"name":"(anonymous_12)","decl":{"start":{"line":29,"column":12},"end":{"line":29,"column":15}},"loc":{"start":{"line":29,"column":17},"end":{"line":42,"column":3}}},"5":{"name":"(anonymous_13)","decl":{"start":{"line":37,"column":37},"end":{"line":37,"column":46}},"loc":{"start":{"line":37,"column":48},"end":{"line":41,"column":7}}},"6":{"name":"(anonymous_14)","decl":{"start":{"line":37,"column":48},"end":{"line":37,"column":null}},"loc":{"start":{"line":37,"column":48},"end":{"line":41,"column":5}}},"7":{"name":"(anonymous_15)","decl":{"start":{"line":49,"column":18},"end":{"line":49,"column":19}},"loc":{"start":{"line":49,"column":25},"end":{"line":49,"column":49}}},"8":{"name":"(anonymous_16)","decl":{"start":{"line":51,"column":17},"end":{"line":51,"column":20}},"loc":{"start":{"line":51,"column":22},"end":{"line":53,"column":9}}},"9":{"name":"(anonymous_17)","decl":{"start":{"line":57,"column":23},"end":{"line":57,"column":24}},"loc":{"start":{"line":57,"column":39},"end":{"line":75,"column":12}}},"10":{"name":"(anonymous_18)","decl":{"start":{"line":60,"column":23},"end":{"line":60,"column":26}},"loc":{"start":{"line":60,"column":28},"end":{"line":65,"column":15}}}},"branchMap":{"0":{"loc":{"start":{"line":20,"column":6},"end":{"line":22,"column":7}},"type":"if","locations":[{"start":{"line":20,"column":6},"end":{"line":22,"column":7}}]},"1":{"loc":{"start":{"line":20,"column":10},"end":{"line":20,"column":78}},"type":"binary-expr","locations":[{"start":{"line":20,"column":10},"end":{"line":20,"column":28}},{"start":{"line":20,"column":32},"end":{"line":20,"column":78}}]},"2":{"loc":{"start":{"line":30,"column":4},"end":{"line":30,"column":63}},"type":"if","locations":[{"start":{"line":30,"column":4},"end":{"line":30,"column":63}}]},"3":{"loc":{"start":{"line":32,"column":4},"end":{"line":35,"column":5}},"type":"if","locations":[{"start":{"line":32,"column":4},"end":{"line":35,"column":5}}]},"4":{"loc":{"start":{"line":52,"column":10},"end":{"line":52,"column":57}},"type":"if","locations":[{"start":{"line":52,"column":10},"end":{"line":52,"column":57}}]},"5":{"loc":{"start":{"line":52,"column":14},"end":{"line":52,"column":29}},"type":"cond-expr","locations":[{"start":{"line":52,"column":21},"end":{"line":52,"column":23}},{"start":{"line":52,"column":14},"end":{"line":52,"column":29}}]},"6":{"loc":{"start":{"line":52,"column":14},"end":{"line":52,"column":23}},"type":"binary-expr","locations":[{"start":{"line":52,"column":14},"end":{"line":52,"column":23}},{"start":{"line":52,"column":14},"end":{"line":52,"column":23}}]},"7":{"loc":{"start":{"line":55,"column":7},"end":{"line":76,"column":null}},"type":"binary-expr","locations":[{"start":{"line":55,"column":7},"end":{"line":55,"column":19}},{"start":{"line":55,"column":23},"end":{"line":55,"column":42}},{"start":{"line":56,"column":8},"end":{"line":75,"column":null}}]},"8":{"loc":{"start":{"line":55,"column":23},"end":{"line":55,"column":38}},"type":"cond-expr","locations":[{"start":{"line":55,"column":30},"end":{"line":55,"column":32}},{"start":{"line":55,"column":23},"end":{"line":55,"column":38}}]},"9":{"loc":{"start":{"line":55,"column":23},"end":{"line":55,"column":32}},"type":"binary-expr","locations":[{"start":{"line":55,"column":23},"end":{"line":55,"column":32}},{"start":{"line":55,"column":23},"end":{"line":55,"column":32}}]},"10":{"loc":{"start":{"line":68,"column":15},"end":{"line":69,"column":null}},"type":"binary-expr","locations":[{"start":{"line":68,"column":15},"end":{"line":68,"column":38}},{"start":{"line":69,"column":16},"end":{"line":69,"column":74}}]},"11":{"loc":{"start":{"line":68,"column":15},"end":{"line":68,"column":38}},"type":"cond-expr","locations":[{"start":{"line":68,"column":30},"end":{"line":68,"column":32}},{"start":{"line":68,"column":30},"end":{"line":68,"column":38}}]},"12":{"loc":{"start":{"line":68,"column":15},"end":{"line":68,"column":32}},"type":"binary-expr","locations":[{"start":{"line":68,"column":15},"end":{"line":68,"column":32}},{"start":{"line":68,"column":30},"end":{"line":68,"column":32}}]},"13":{"loc":{"start":{"line":71,"column":26},"end":{"line":71,"column":59}},"type":"cond-expr","locations":[{"start":{"line":71,"column":35},"end":{"line":71,"column":39}},{"start":{"line":71,"column":39},"end":{"line":71,"column":59}}]},"14":{"loc":{"start":{"line":71,"column":26},"end":{"line":71,"column":39}},"type":"binary-expr","locations":[{"start":{"line":71,"column":26},"end":{"line":71,"column":39}},{"start":{"line":71,"column":35},"end":{"line":71,"column":39}}]}},"s":{"0":0,"1":0,"2":0,"3":0,"4":0,"5":0,"6":0,"7":0,"8":0,"9":0,"10":0,"11":0,"12":0,"13":0,"14":0,"15":0,"16":0,"17":0,"18":0,"19":0,"20":0,"21":0,"22":0,"23":0,"24":0,"25":0,"26":0,"27":0,"28":0,"29":0,"30":0,"31":0,"32":0,"33":0,"34":0,"35":0,"36":0,"37":0,"38":0,"39":0,"40":0,"41":0,"42":0},"f":{"0":0,"1":0,"2":0,"3":0,"4":0,"5":0,"6":0,"7":0,"8":0,"9":0,"10":0},"b":{"0":[0],"1":[0,0],"2":[0],"3":[0],"4":[0],"5":[0,0],"6":[0,0],"7":[0,0,0],"8":[0,0],"9":[0,0],"10":[0,0],"11":[0,0],"12":[0,0],"13":[0,0],"14":[0,0]}}
,"C:\\Users\\Vickel\\Documents\\project\\CommanderHut\\src\\Components\\UI_Components\\Tabs.tsx": {"path":"C:\\Users\\Vickel\\Documents\\project\\CommanderHut\\src\\Components\\UI_Components\\Tabs.tsx","statementMap":{"0":{"start":{"line":1,"column":0},"end":{"line":1,"column":65}},"1":{"start":{"line":3,"column":0},"end":{"line":3,"column":39}},"2":{"start":{"line":15,"column":13},"end":{"line":34,"column":1}},"3":{"start":{"line":16,"column":39},"end":{"line":16,"column":58}},"4":{"start":{"line":18,"column":2},"end":{"line":33,"column":4}},"5":{"start":{"line":22,"column":12},"end":{"line":22,"column":null}},"6":{"start":{"line":22,"column":41},"end":{"line":22,"column":64}},"7":{"start":{"line":27,"column":10},"end":{"line":29,"column":11}},"8":{"start":{"line":28,"column":14},"end":{"line":28,"column":null}},"9":{"start":{"line":36,"column":0},"end":{"line":36,"column":20}},"10":{"start":{"line":38,"column":18},"end":{"line":41,"column":2}},"11":{"start":{"line":43,"column":22},"end":{"line":46,"column":3}},"12":{"start":{"line":48,"column":17},"end":{"line":51,"column":3}}},"fnMap":{"0":{"name":"(anonymous_1)","decl":{"start":{"line":15,"column":13},"end":{"line":15,"column":14}},"loc":{"start":{"line":15,"column":35},"end":{"line":34,"column":1}}},"1":{"name":"(anonymous_2)","decl":{"start":{"line":21,"column":19},"end":{"line":21,"column":20}},"loc":{"start":{"line":21,"column":27},"end":{"line":23,"column":11}}},"2":{"name":"(anonymous_3)","decl":{"start":{"line":22,"column":37},"end":{"line":22,"column":39}},"loc":{"start":{"line":22,"column":41},"end":{"line":22,"column":64}}},"3":{"name":"(anonymous_4)","decl":{"start":{"line":26,"column":17},"end":{"line":26,"column":18}},"loc":{"start":{"line":26,"column":25},"end":{"line":30,"column":9}}}},"branchMap":{"0":{"loc":{"start":{"line":27,"column":10},"end":{"line":29,"column":11}},"type":"if","locations":[{"start":{"line":27,"column":10},"end":{"line":29,"column":11}}]}},"s":{"0":0,"1":0,"2":0,"3":0,"4":0,"5":0,"6":0,"7":0,"8":0,"9":0,"10":0,"11":0,"12":0},"f":{"0":0,"1":0,"2":0,"3":0},"b":{"0":[0]}}
,"C:\\Users\\Vickel\\Documents\\project\\CommanderHut\\src\\Components\\UI_Components\\Title.tsx": {"path":"C:\\Users\\Vickel\\Documents\\project\\CommanderHut\\src\\Components\\UI_Components\\Title.tsx","statementMap":{"0":{"start":{"line":1,"column":0},"end":{"line":1,"column":39}},"1":{"start":{"line":7,"column":15},"end":{"line":13,"column":1}},"2":{"start":{"line":8,"column":4},"end":{"line":12,"column":6}},"3":{"start":{"line":15,"column":0},"end":{"line":15,"column":22}},"4":{"start":{"line":17,"column":14},"end":{"line":19,"column":2}}},"fnMap":{"0":{"name":"(anonymous_1)","decl":{"start":{"line":7,"column":15},"end":{"line":7,"column":16}},"loc":{"start":{"line":7,"column":39},"end":{"line":13,"column":1}}}},"branchMap":{},"s":{"0":0,"1":0,"2":0,"3":0,"4":0},"f":{"0":0},"b":{}}
,"C:\\Users\\Vickel\\Documents\\project\\CommanderHut\\src\\Components\\UI_Components\\index.ts": {"path":"C:\\Users\\Vickel\\Documents\\project\\CommanderHut\\src\\Components\\UI_Components\\index.ts","statementMap":{"0":{"start":{"line":2,"column":0},"end":{"line":2,"column":9}},"1":{"start":{"line":2,"column":9},"end":{"line":2,"column":26}},"2":{"start":{"line":3,"column":0},"end":{"line":3,"column":9}},"3":{"start":{"line":3,"column":9},"end":{"line":3,"column":25}},"4":{"start":{"line":4,"column":0},"end":{"line":4,"column":9}},"5":{"start":{"line":4,"column":9},"end":{"line":4,"column":25}},"6":{"start":{"line":5,"column":0},"end":{"line":5,"column":9}},"7":{"start":{"line":5,"column":9},"end":{"line":5,"column":25}}},"fnMap":{"0":{"name":"(anonymous_1)","decl":{"start":{"line":2,"column":9},"end":{"line":2,"column":16}},"loc":{"start":{"line":2,"column":9},"end":{"line":2,"column":26}}},"1":{"name":"(anonymous_2)","decl":{"start":{"line":3,"column":9},"end":{"line":3,"column":16}},"loc":{"start":{"line":3,"column":9},"end":{"line":3,"column":25}}},"2":{"name":"(anonymous_3)","decl":{"start":{"line":4,"column":9},"end":{"line":4,"column":16}},"loc":{"start":{"line":4,"column":9},"end":{"line":4,"column":25}}},"3":{"name":"(anonymous_4)","decl":{"start":{"line":5,"column":9},"end":{"line":5,"column":16}},"loc":{"start":{"line":5,"column":9},"end":{"line":5,"column":25}}}},"branchMap":{},"s":{"0":0,"1":0,"2":0,"3":0,"4":0,"5":0,"6":0,"7":0},"f":{"0":0,"1":0,"2":0,"3":0},"b":{}}
,"C:\\Users\\Vickel\\Documents\\project\\CommanderHut\\src\\Constants\\constant.ts": {"path":"C:\\Users\\Vickel\\Documents\\project\\CommanderHut\\src\\Constants\\constant.ts","statementMap":{"0":{"start":{"line":1,"column":0},"end":{"line":1,"column":null}},"1":{"start":{"line":2,"column":2},"end":{"line":2,"column":null}},"2":{"start":{"line":3,"column":2},"end":{"line":3,"column":null}},"3":{"start":{"line":4,"column":2},"end":{"line":4,"column":null}},"4":{"start":{"line":5,"column":2},"end":{"line":5,"column":null}},"5":{"start":{"line":6,"column":2},"end":{"line":6,"column":null}},"6":{"start":{"line":7,"column":2},"end":{"line":7,"column":null}},"7":{"start":{"line":8,"column":2},"end":{"line":8,"column":null}},"8":{"start":{"line":9,"column":2},"end":{"line":9,"column":null}},"9":{"start":{"line":10,"column":2},"end":{"line":10,"column":null}},"10":{"start":{"line":11,"column":2},"end":{"line":11,"column":null}},"11":{"start":{"line":14,"column":2},"end":{"line":14,"column":28}}},"fnMap":{"0":{"name":"(anonymous_0)","decl":{"start":{"line":1,"column":0},"end":{"line":1,"column":12}},"loc":{"start":{"line":1,"column":22},"end":{"line":12,"column":3}}}},"branchMap":{"0":{"loc":{"start":{"line":1,"column":12},"end":{"line":1,"column":null}},"type":"binary-expr","locations":[{"start":{"line":1,"column":12},"end":{"line":1,"column":22}},{"start":{"line":1,"column":22},"end":{"line":1,"column":null}}]}},"s":{"0":0,"1":0,"2":0,"3":0,"4":0,"5":0,"6":0,"7":0,"8":0,"9":0,"10":0,"11":0},"f":{"0":0},"b":{"0":[0,0]}}
,"C:\\Users\\Vickel\\Documents\\project\\CommanderHut\\src\\Interface\\index.ts": {"path":"C:\\Users\\Vickel\\Documents\\project\\CommanderHut\\src\\Interface\\index.ts","statementMap":{"0":{"start":{"line":2,"column":0},"end":{"line":2,"column":24}}},"fnMap":{},"branchMap":{},"s":{"0":0},"f":{},"b":{}}
,"C:\\Users\\Vickel\\Documents\\project\\CommanderHut\\src\\pages\\AIGenerate.tsx": {"path":"C:\\Users\\Vickel\\Documents\\project\\CommanderHut\\src\\pages\\AIGenerate.tsx","statementMap":{"0":{"start":{"line":1,"column":0},"end":{"line":1,"column":33}},"1":{"start":{"line":2,"column":0},"end":{"line":2,"column":39}},"2":{"start":{"line":3,"column":0},"end":{"line":3,"column":58}},"3":{"start":{"line":4,"column":0},"end":{"line":4,"column":53}},"4":{"start":{"line":6,"column":19},"end":{"line":92,"column":1}},"5":{"start":{"line":7,"column":28},"end":{"line":7,"column":40}},"6":{"start":{"line":8,"column":28},"end":{"line":8,"column":50}},"7":{"start":{"line":9,"column":32},"end":{"line":9,"column":47}},"8":{"start":{"line":10,"column":28},"end":{"line":10,"column":40}},"9":{"start":{"line":11,"column":36},"end":{"line":11,"column":48}},"10":{"start":{"line":13,"column":30},"end":{"line":52,"column":4}},"11":{"start":{"line":13,"column":41},"end":{"line":52,"column":4}},"12":{"start":{"line":14,"column":4},"end":{"line":14,"column":30}},"13":{"start":{"line":14,"column":23},"end":{"line":14,"column":30}},"14":{"start":{"line":16,"column":4},"end":{"line":16,"column":21}},"15":{"start":{"line":17,"column":4},"end":{"line":17,"column":17}},"16":{"start":{"line":18,"column":4},"end":{"line":18,"column":17}},"17":{"start":{"line":19,"column":4},"end":{"line":19,"column":21}},"18":{"start":{"line":21,"column":4},"end":{"line":51,"column":5}},"19":{"start":{"line":22,"column":21},"end":{"line":22,"column":46}},"20":{"start":{"line":23,"column":6},"end":{"line":23,"column":27}},"21":{"start":{"line":24,"column":6},"end":{"line":24,"column":44}},"22":{"start":{"line":27,"column":30},"end":{"line":27,"column":68}},"23":{"start":{"line":28,"column":24},"end":{"line":28,"column":62}},"24":{"start":{"line":28,"column":53},"end":{"line":28,"column":61}},"25":{"start":{"line":30,"column":6},"end":{"line":34,"column":7}},"26":{"start":{"line":31,"column":8},"end":{"line":31,"column":65}},"27":{"start":{"line":32,"column":8},"end":{"line":32,"column":26}},"28":{"start":{"line":33,"column":8},"end":{"line":33,"column":15}},"29":{"start":{"line":36,"column":6},"end":{"line":45,"column":7}},"30":{"start":{"line":37,"column":8},"end":{"line":44,"column":9}},"31":{"start":{"line":38,"column":22},"end":{"line":38,"column":49}},"32":{"start":{"line":39,"column":10},"end":{"line":41,"column":11}},"33":{"start":{"line":40,"column":12},"end":{"line":40,"column":47}},"34":{"start":{"line":40,"column":30},"end":{"line":40,"column":45}},"35":{"start":{"line":43,"column":10},"end":{"line":43,"column":65}},"36":{"start":{"line":47,"column":6},"end":{"line":47,"column":25}},"37":{"start":{"line":48,"column":6},"end":{"line":48,"column":59}},"38":{"start":{"line":50,"column":6},"end":{"line":50,"column":24}},"39":{"start":{"line":55,"column":2},"end":{"line":91,"column":4}},"40":{"start":{"line":62,"column":25},"end":{"line":62,"column":49}},"41":{"start":{"line":82,"column":43},"end":{"line":87,"column":12}},"42":{"start":{"line":94,"column":0},"end":{"line":94,"column":26}},"43":{"start":{"line":96,"column":18},"end":{"line":123,"column":2}},"44":{"start":{"line":125,"column":15},"end":{"line":131,"column":2}},"45":{"start":{"line":133,"column":13},"end":{"line":144,"column":2}},"46":{"start":{"line":146,"column":24},"end":{"line":162,"column":2}}},"fnMap":{"0":{"name":"(anonymous_8)","decl":{"start":{"line":6,"column":19},"end":{"line":6,"column":22}},"loc":{"start":{"line":6,"column":24},"end":{"line":92,"column":1}}},"1":{"name":"(anonymous_9)","decl":{"start":{"line":13,"column":30},"end":{"line":13,"column":39}},"loc":{"start":{"line":13,"column":41},"end":{"line":52,"column":4}}},"2":{"name":"(anonymous_10)","decl":{"start":{"line":13,"column":41},"end":{"line":13,"column":null}},"loc":{"start":{"line":13,"column":41},"end":{"line":52,"column":3}}},"3":{"name":"(anonymous_11)","decl":{"start":{"line":28,"column":44},"end":{"line":28,"column":49}},"loc":{"start":{"line":28,"column":53},"end":{"line":28,"column":61}}},"4":{"name":"(anonymous_12)","decl":{"start":{"line":40,"column":21},"end":{"line":40,"column":26}},"loc":{"start":{"line":40,"column":30},"end":{"line":40,"column":45}}},"5":{"name":"(anonymous_13)","decl":{"start":{"line":62,"column":18},"end":{"line":62,"column":19}},"loc":{"start":{"line":62,"column":25},"end":{"line":62,"column":49}}},"6":{"name":"(anonymous_14)","decl":{"start":{"line":82,"column":21},"end":{"line":82,"column":22}},"loc":{"start":{"line":82,"column":42},"end":{"line":87,"column":12}}}},"branchMap":{"0":{"loc":{"start":{"line":14,"column":4},"end":{"line":14,"column":30}},"type":"if","locations":[{"start":{"line":14,"column":4},"end":{"line":14,"column":30}}]},"1":{"loc":{"start":{"line":30,"column":6},"end":{"line":34,"column":7}},"type":"if","locations":[{"start":{"line":30,"column":6},"end":{"line":34,"column":7}}]},"2":{"loc":{"start":{"line":39,"column":10},"end":{"line":41,"column":11}},"type":"if","locations":[{"start":{"line":39,"column":10},"end":{"line":41,"column":11}}]},"3":{"loc":{"start":{"line":67,"column":9},"end":{"line":67,"column":53}},"type":"cond-expr","locations":[{"start":{"line":67,"column":19},"end":{"line":67,"column":34}},{"start":{"line":67,"column":37},"end":{"line":67,"column":53}}]},"4":{"loc":{"start":{"line":70,"column":7},"end":{"line":70,"column":55}},"type":"binary-expr","locations":[{"start":{"line":70,"column":7},"end":{"line":70,"column":12}},{"start":{"line":70,"column":16},"end":{"line":70,"column":55}}]},"5":{"loc":{"start":{"line":73,"column":9},"end":{"line":76,"column":null}},"type":"binary-expr","locations":[{"start":{"line":73,"column":9},"end":{"line":73,"column":18}},{"start":{"line":74,"column":12},"end":{"line":75,"column":null}}]},"6":{"loc":{"start":{"line":80,"column":7},"end":{"line":88,"column":null}},"type":"binary-expr","locations":[{"start":{"line":80,"column":7},"end":{"line":80,"column":23}},{"start":{"line":81,"column":8},"end":{"line":87,"column":null}}]},"7":{"loc":{"start":{"line":84,"column":24},"end":{"line":84,"column":48}},"type":"cond-expr","locations":[{"start":{"line":84,"column":40},"end":{"line":84,"column":42}},{"start":{"line":84,"column":40},"end":{"line":84,"column":48}}]},"8":{"loc":{"start":{"line":84,"column":24},"end":{"line":84,"column":42}},"type":"binary-expr","locations":[{"start":{"line":84,"column":24},"end":{"line":84,"column":42}},{"start":{"line":84,"column":40},"end":{"line":84,"column":42}}]},"9":{"loc":{"start":{"line":84,"column":24},"end":{"line":84,"column":40}},"type":"cond-expr","locations":[{"start":{"line":84,"column":28},"end":{"line":84,"column":30}},{"start":{"line":84,"column":24},"end":{"line":84,"column":40}}]},"10":{"loc":{"start":{"line":84,"column":24},"end":{"line":84,"column":30}},"type":"binary-expr","locations":[{"start":{"line":84,"column":24},"end":{"line":84,"column":30}},{"start":{"line":84,"column":24},"end":{"line":84,"column":30}}]},"11":{"loc":{"start":{"line":84,"column":55},"end":{"line":84,"column":65}},"type":"cond-expr","locations":[{"start":{"line":84,"column":59},"end":{"line":84,"column":61}},{"start":{"line":84,"column":55},"end":{"line":84,"column":65}}]},"12":{"loc":{"start":{"line":84,"column":55},"end":{"line":84,"column":61}},"type":"binary-expr","locations":[{"start":{"line":84,"column":55},"end":{"line":84,"column":61}},{"start":{"line":84,"column":55},"end":{"line":84,"column":61}}]},"13":{"loc":{"start":{"line":85,"column":18},"end":{"line":85,"column":28}},"type":"cond-expr","locations":[{"start":{"line":85,"column":22},"end":{"line":85,"column":24}},{"start":{"line":85,"column":18},"end":{"line":85,"column":28}}]},"14":{"loc":{"start":{"line":85,"column":18},"end":{"line":85,"column":24}},"type":"binary-expr","locations":[{"start":{"line":85,"column":18},"end":{"line":85,"column":24}},{"start":{"line":85,"column":18},"end":{"line":85,"column":24}}]}},"s":{"0":0,"1":0,"2":0,"3":0,"4":0,"5":0,"6":0,"7":0,"8":0,"9":0,"10":0,"11":0,"12":0,"13":0,"14":0,"15":0,"16":0,"17":0,"18":0,"19":0,"20":0,"21":0,"22":0,"23":0,"24":0,"25":0,"26":0,"27":0,"28":0,"29":0,"30":0,"31":0,"32":0,"33":0,"34":0,"35":0,"36":0,"37":0,"38":0,"39":0,"40":0,"41":0,"42":0,"43":0,"44":0,"45":0,"46":0},"f":{"0":0,"1":0,"2":0,"3":0,"4":0,"5":0,"6":0},"b":{"0":[0],"1":[0],"2":[0],"3":[0,0],"4":[0,0],"5":[0,0],"6":[0,0],"7":[0,0],"8":[0,0],"9":[0,0],"10":[0,0],"11":[0,0],"12":[0,0],"13":[0,0],"14":[0,0]}}
,"C:\\Users\\Vickel\\Documents\\project\\CommanderHut\\src\\pages\\DeckPage.tsx": {"path":"C:\\Users\\Vickel\\Documents\\project\\CommanderHut\\src\\pages\\DeckPage.tsx","statementMap":{"0":{"start":{"line":1,"column":0},"end":{"line":1,"column":51}},"1":{"start":{"line":2,"column":0},"end":{"line":2,"column":39}},"2":{"start":{"line":3,"column":0},"end":{"line":3,"column":56}},"3":{"start":{"line":4,"column":0},"end":{"line":4,"column":47}},"4":{"start":{"line":6,"column":17},"end":{"line":52,"column":1}},"5":{"start":{"line":7,"column":28},"end":{"line":7,"column":47}},"6":{"start":{"line":8,"column":19},"end":{"line":8,"column":32}},"7":{"start":{"line":10,"column":2},"end":{"line":18,"column":9}},"8":{"start":{"line":11,"column":4},"end":{"line":17,"column":9}},"9":{"start":{"line":13,"column":8},"end":{"line":13,"column":22}},"10":{"start":{"line":16,"column":8},"end":{"line":16,"column":52}},"11":{"start":{"line":20,"column":29},"end":{"line":22,"column":3}},"12":{"start":{"line":21,"column":4},"end":{"line":21,"column":29}},"13":{"start":{"line":24,"column":2},"end":{"line":51,"column":4}},"14":{"start":{"line":32,"column":12},"end":{"line":32,"column":37}},"15":{"start":{"line":32,"column":52},"end":{"line":32,"column":80}},"16":{"start":{"line":54,"column":0},"end":{"line":54,"column":24}},"17":{"start":{"line":58,"column":20},"end":{"line":64,"column":2}},"18":{"start":{"line":66,"column":21},"end":{"line":72,"column":2}},"19":{"start":{"line":74,"column":17},"end":{"line":80,"column":2}},"20":{"start":{"line":82,"column":16},"end":{"line":87,"column":2}},"21":{"start":{"line":88,"column":17},"end":{"line":106,"column":2}},"22":{"start":{"line":108,"column":27},"end":{"line":117,"column":2}},"23":{"start":{"line":119,"column":17},"end":{"line":124,"column":2}},"24":{"start":{"line":126,"column":18},"end":{"line":134,"column":2}},"25":{"start":{"line":136,"column":20},"end":{"line":143,"column":2}},"26":{"start":{"line":145,"column":19},"end":{"line":148,"column":2}}},"fnMap":{"0":{"name":"(anonymous_1)","decl":{"start":{"line":6,"column":17},"end":{"line":6,"column":20}},"loc":{"start":{"line":6,"column":22},"end":{"line":52,"column":1}}},"1":{"name":"(anonymous_2)","decl":{"start":{"line":10,"column":12},"end":{"line":10,"column":15}},"loc":{"start":{"line":10,"column":17},"end":{"line":18,"column":3}}},"2":{"name":"(anonymous_3)","decl":{"start":{"line":12,"column":12},"end":{"line":12,"column":13}},"loc":{"start":{"line":12,"column":20},"end":{"line":14,"column":7}}},"3":{"name":"(anonymous_4)","decl":{"start":{"line":15,"column":13},"end":{"line":15,"column":14}},"loc":{"start":{"line":15,"column":21},"end":{"line":17,"column":7}}},"4":{"name":"(anonymous_5)","decl":{"start":{"line":20,"column":29},"end":{"line":20,"column":30}},"loc":{"start":{"line":20,"column":44},"end":{"line":22,"column":3}}},"5":{"name":"(anonymous_6)","decl":{"start":{"line":31,"column":20},"end":{"line":31,"column":21}},"loc":{"start":{"line":32,"column":12},"end":{"line":32,"column":37}}},"6":{"name":"(anonymous_7)","decl":{"start":{"line":32,"column":46},"end":{"line":32,"column":49}},"loc":{"start":{"line":32,"column":52},"end":{"line":32,"column":80}}}},"branchMap":{"0":{"loc":{"start":{"line":28,"column":9},"end":{"line":47,"column":null}},"type":"cond-expr","locations":[{"start":{"line":29,"column":10},"end":{"line":29,"column":56}},{"start":{"line":31,"column":10},"end":{"line":47,"column":12}}]},"1":{"loc":{"start":{"line":34,"column":21},"end":{"line":34,"column":80}},"type":"binary-expr","locations":[{"start":{"line":34,"column":21},"end":{"line":34,"column":41}},{"start":{"line":34,"column":45},"end":{"line":34,"column":80}}]},"2":{"loc":{"start":{"line":40,"column":55},"end":{"line":40,"column":86}},"type":"binary-expr","locations":[{"start":{"line":40,"column":55},"end":{"line":40,"column":71}},{"start":{"line":40,"column":75},"end":{"line":40,"column":86}}]}},"s":{"0":0,"1":0,"2":0,"3":0,"4":0,"5":0,"6":0,"7":0,"8":0,"9":0,"10":0,"11":0,"12":0,"13":0,"14":0,"15":0,"16":0,"17":0,"18":0,"19":0,"20":0,"21":0,"22":0,"23":0,"24":0,"25":0,"26":0},"f":{"0":0,"1":0,"2":0,"3":0,"4":0,"5":0,"6":0},"b":{"0":[0,0],"1":[0,0],"2":[0,0]}}
,"C:\\Users\\Vickel\\Documents\\project\\CommanderHut\\src\\pages\\Login.tsx": {"path":"C:\\Users\\Vickel\\Documents\\project\\CommanderHut\\src\\pages\\Login.tsx","statementMap":{"0":{"start":{"line":1,"column":0},"end":{"line":1,"column":44}},"1":{"start":{"line":3,"column":0},"end":{"line":3,"column":39}},"2":{"start":{"line":4,"column":0},"end":{"line":4,"column":67}},"3":{"start":{"line":5,"column":0},"end":{"line":5,"column":52}},"4":{"start":{"line":6,"column":0},"end":{"line":6,"column":47}},"5":{"start":{"line":7,"column":0},"end":{"line":7,"column":42}},"6":{"start":{"line":9,"column":0},"end":{"line":9,"column":43}},"7":{"start":{"line":11,"column":23},"end":{"line":47,"column":1}},"8":{"start":{"line":12,"column":21},"end":{"line":12,"column":34}},"9":{"start":{"line":14,"column":30},"end":{"line":14,"column":50}},"10":{"start":{"line":15,"column":36},"end":{"line":15,"column":56}},"11":{"start":{"line":17,"column":21},"end":{"line":17,"column":34}},"12":{"start":{"line":19,"column":18},"end":{"line":32,"column":5}},"13":{"start":{"line":20,"column":8},"end":{"line":31,"column":null}},"14":{"start":{"line":24,"column":12},"end":{"line":24,"column":29}},"15":{"start":{"line":25,"column":12},"end":{"line":28,"column":13}},"16":{"start":{"line":26,"column":16},"end":{"line":26,"column":30}},"17":{"start":{"line":27,"column":16},"end":{"line":27,"column":49}},"18":{"start":{"line":30,"column":12},"end":{"line":30,"column":29}},"19":{"start":{"line":34,"column":4},"end":{"line":46,"column":6}},"20":{"start":{"line":38,"column":68},"end":{"line":38,"column":92}},"21":{"start":{"line":41,"column":63},"end":{"line":41,"column":90}},"22":{"start":{"line":49,"column":0},"end":{"line":49,"column":30}},"23":{"start":{"line":51,"column":16},"end":{"line":58,"column":2}},"24":{"start":{"line":60,"column":14},"end":{"line":65,"column":2}},"25":{"start":{"line":67,"column":23},"end":{"line":72,"column":2}}},"fnMap":{"0":{"name":"(anonymous_1)","decl":{"start":{"line":11,"column":23},"end":{"line":11,"column":26}},"loc":{"start":{"line":11,"column":28},"end":{"line":47,"column":1}}},"1":{"name":"(anonymous_2)","decl":{"start":{"line":19,"column":18},"end":{"line":19,"column":21}},"loc":{"start":{"line":19,"column":23},"end":{"line":32,"column":5}}},"2":{"name":"(anonymous_3)","decl":{"start":{"line":23,"column":16},"end":{"line":23,"column":17}},"loc":{"start":{"line":23,"column":24},"end":{"line":29,"column":9}}},"3":{"name":"(anonymous_4)","decl":{"start":{"line":29,"column":17},"end":{"line":29,"column":18}},"loc":{"start":{"line":29,"column":25},"end":{"line":31,"column":9}}},"4":{"name":"(anonymous_5)","decl":{"start":{"line":38,"column":61},"end":{"line":38,"column":62}},"loc":{"start":{"line":38,"column":68},"end":{"line":38,"column":92}}},"5":{"name":"(anonymous_6)","decl":{"start":{"line":41,"column":56},"end":{"line":41,"column":57}},"loc":{"start":{"line":41,"column":63},"end":{"line":41,"column":90}}}},"branchMap":{"0":{"loc":{"start":{"line":25,"column":12},"end":{"line":28,"column":13}},"type":"if","locations":[{"start":{"line":25,"column":12},"end":{"line":28,"column":13}}]},"1":{"loc":{"start":{"line":27,"column":31},"end":{"line":27,"column":46}},"type":"cond-expr","locations":[{"start":{"line":27,"column":40},"end":{"line":27,"column":42}},{"start":{"line":27,"column":40},"end":{"line":27,"column":46}}]},"2":{"loc":{"start":{"line":27,"column":31},"end":{"line":27,"column":42}},"type":"binary-expr","locations":[{"start":{"line":27,"column":31},"end":{"line":27,"column":42}},{"start":{"line":27,"column":40},"end":{"line":27,"column":42}}]},"3":{"loc":{"start":{"line":27,"column":31},"end":{"line":27,"column":40}},"type":"cond-expr","locations":[{"start":{"line":27,"column":34},"end":{"line":27,"column":36}},{"start":{"line":27,"column":31},"end":{"line":27,"column":40}}]},"4":{"loc":{"start":{"line":27,"column":31},"end":{"line":27,"column":36}},"type":"binary-expr","locations":[{"start":{"line":27,"column":31},"end":{"line":27,"column":36}},{"start":{"line":27,"column":31},"end":{"line":27,"column":36}}]}},"s":{"0":0,"1":0,"2":0,"3":0,"4":0,"5":0,"6":0,"7":0,"8":0,"9":0,"10":0,"11":0,"12":0,"13":0,"14":0,"15":0,"16":0,"17":0,"18":0,"19":0,"20":0,"21":0,"22":0,"23":0,"24":0,"25":0},"f":{"0":0,"1":0,"2":0,"3":0,"4":0,"5":0},"b":{"0":[0],"1":[0,0],"2":[0,0],"3":[0,0],"4":[0,0]}}
,"C:\\Users\\Vickel\\Documents\\project\\CommanderHut\\src\\pages\\home.tsx": {"path":"C:\\Users\\Vickel\\Documents\\project\\CommanderHut\\src\\pages\\home.tsx","statementMap":{"0":{"start":{"line":3,"column":0},"end":{"line":3,"column":39}},"1":{"start":{"line":7,"column":0},"end":{"line":7,"column":55}},"2":{"start":{"line":11,"column":23},"end":{"line":24,"column":1}},"3":{"start":{"line":13,"column":21},"end":{"line":13,"column":82}},"4":{"start":{"line":13,"column":55},"end":{"line":13,"column":81}},"5":{"start":{"line":14,"column":21},"end":{"line":14,"column":81}},"6":{"start":{"line":14,"column":55},"end":{"line":14,"column":81}},"7":{"start":{"line":15,"column":4},"end":{"line":23,"column":6}},"8":{"start":{"line":26,"column":0},"end":{"line":26,"column":20}},"9":{"start":{"line":28,"column":22},"end":{"line":28,"column":34}}},"fnMap":{"0":{"name":"(anonymous_1)","decl":{"start":{"line":11,"column":23},"end":{"line":11,"column":26}},"loc":{"start":{"line":11,"column":28},"end":{"line":24,"column":1}}},"1":{"name":"(anonymous_2)","decl":{"start":{"line":13,"column":33},"end":{"line":13,"column":34}},"loc":{"start":{"line":13,"column":55},"end":{"line":13,"column":81}}},"2":{"name":"(anonymous_3)","decl":{"start":{"line":14,"column":33},"end":{"line":14,"column":34}},"loc":{"start":{"line":14,"column":54},"end":{"line":14,"column":81}}}},"branchMap":{"0":{"loc":{"start":{"line":14,"column":55},"end":{"line":14,"column":80}},"type":"cond-expr","locations":[{"start":{"line":14,"column":70},"end":{"line":14,"column":72}},{"start":{"line":14,"column":70},"end":{"line":14,"column":80}}]},"1":{"loc":{"start":{"line":14,"column":55},"end":{"line":14,"column":72}},"type":"binary-expr","locations":[{"start":{"line":14,"column":55},"end":{"line":14,"column":72}},{"start":{"line":14,"column":70},"end":{"line":14,"column":72}}]},"2":{"loc":{"start":{"line":18,"column":13},"end":{"line":18,"column":70}},"type":"cond-expr","locations":[{"start":{"line":18,"column":24},"end":{"line":18,"column":63}},{"start":{"line":18,"column":66},"end":{"line":18,"column":70}}]}},"s":{"0":0,"1":0,"2":0,"3":0,"4":0,"5":0,"6":0,"7":0,"8":0,"9":0},"f":{"0":0,"1":0,"2":0},"b":{"0":[0,0],"1":[0,0],"2":[0,0]}}
,"C:\\Users\\Vickel\\Documents\\project\\CommanderHut\\src\\services\\aiService.ts": {"path":"C:\\Users\\Vickel\\Documents\\project\\CommanderHut\\src\\services\\aiService.ts","statementMap":{"0":{"start":{"line":1,"column":0},"end":{"line":1,"column":26}},"1":{"start":{"line":2,"column":0},"end":{"line":2,"column":44}},"2":{"start":{"line":4,"column":28},"end":{"line":16,"column":2}},"3":{"start":{"line":4,"column":70},"end":{"line":16,"column":2}},"4":{"start":{"line":5,"column":2},"end":{"line":15,"column":3}},"5":{"start":{"line":6,"column":21},"end":{"line":9,"column":null}},"6":{"start":{"line":11,"column":4},"end":{"line":11,"column":32}},"7":{"start":{"line":13,"column":4},"end":{"line":13,"column":46}},"8":{"start":{"line":14,"column":4},"end":{"line":14,"column":51}},"9":{"start":{"line":4,"column":13},"end":{"line":4,"column":28}}},"fnMap":{"0":{"name":"(anonymous_8)","decl":{"start":{"line":4,"column":28},"end":{"line":4,"column":35}},"loc":{"start":{"line":4,"column":70},"end":{"line":16,"column":2}}},"1":{"name":"(anonymous_9)","decl":{"start":{"line":4,"column":70},"end":{"line":4,"column":null}},"loc":{"start":{"line":4,"column":70},"end":{"line":16,"column":1}}}},"branchMap":{},"s":{"0":0,"1":0,"2":0,"3":0,"4":0,"5":0,"6":0,"7":0,"8":0,"9":0},"f":{"0":0,"1":0},"b":{}}
,"C:\\Users\\Vickel\\Documents\\project\\CommanderHut\\src\\services\\authService.ts": {"path":"C:\\Users\\Vickel\\Documents\\project\\CommanderHut\\src\\services\\authService.ts","statementMap":{"0":{"start":{"line":1,"column":0},"end":{"line":1,"column":26}},"1":{"start":{"line":3,"column":31},"end":{"line":10,"column":2}},"2":{"start":{"line":3,"column":42},"end":{"line":10,"column":2}},"3":{"start":{"line":4,"column":2},"end":{"line":9,"column":3}},"4":{"start":{"line":5,"column":21},"end":{"line":5,"column":82}},"5":{"start":{"line":6,"column":4},"end":{"line":6,"column":25}},"6":{"start":{"line":8,"column":4},"end":{"line":8,"column":38}},"7":{"start":{"line":3,"column":13},"end":{"line":3,"column":31}}},"fnMap":{"0":{"name":"(anonymous_8)","decl":{"start":{"line":3,"column":31},"end":{"line":3,"column":40}},"loc":{"start":{"line":3,"column":42},"end":{"line":10,"column":2}}},"1":{"name":"(anonymous_9)","decl":{"start":{"line":3,"column":42},"end":{"line":3,"column":null}},"loc":{"start":{"line":3,"column":42},"end":{"line":10,"column":1}}}},"branchMap":{},"s":{"0":0,"1":0,"2":0,"3":0,"4":0,"5":0,"6":0,"7":0},"f":{"0":0,"1":0},"b":{}}
,"C:\\Users\\Vickel\\Documents\\project\\CommanderHut\\src\\services\\deckService.ts": {"path":"C:\\Users\\Vickel\\Documents\\project\\CommanderHut\\src\\services\\deckService.ts","statementMap":{"0":{"start":{"line":2,"column":0},"end":{"line":2,"column":26}},"1":{"start":{"line":3,"column":0},"end":{"line":3,"column":44}},"2":{"start":{"line":23,"column":28},"end":{"line":47,"column":2}},"3":{"start":{"line":23,"column":51},"end":{"line":47,"column":2}},"4":{"start":{"line":24,"column":2},"end":{"line":46,"column":3}},"5":{"start":{"line":25,"column":21},"end":{"line":31,"column":6}},"6":{"start":{"line":33,"column":19},"end":{"line":33,"column":40}},"7":{"start":{"line":35,"column":4},"end":{"line":40,"column":5}},"8":{"start":{"line":37,"column":20},"end":{"line":37,"column":68}},"9":{"start":{"line":38,"column":7},"end":{"line":38,"column":38}},"10":{"start":{"line":39,"column":6},"end":{"line":39,"column":18}},"11":{"start":{"line":42,"column":4},"end":{"line":42,"column":18}},"12":{"start":{"line":44,"column":4},"end":{"line":44,"column":48}},"13":{"start":{"line":45,"column":4},"end":{"line":45,"column":16}},"14":{"start":{"line":23,"column":13},"end":{"line":23,"column":28}},"15":{"start":{"line":53,"column":29},"end":{"line":67,"column":2}},"16":{"start":{"line":53,"column":54},"end":{"line":67,"column":2}},"17":{"start":{"line":54,"column":2},"end":{"line":66,"column":3}},"18":{"start":{"line":55,"column":21},"end":{"line":55,"column":64}},"19":{"start":{"line":57,"column":4},"end":{"line":59,"column":5}},"20":{"start":{"line":58,"column":6},"end":{"line":58,"column":56}},"21":{"start":{"line":61,"column":4},"end":{"line":61,"column":48}},"22":{"start":{"line":62,"column":4},"end":{"line":62,"column":25}},"23":{"start":{"line":64,"column":4},"end":{"line":64,"column":56}},"24":{"start":{"line":65,"column":4},"end":{"line":65,"column":16}},"25":{"start":{"line":53,"column":13},"end":{"line":53,"column":29}},"26":{"start":{"line":73,"column":35},"end":{"line":85,"column":2}},"27":{"start":{"line":73,"column":60},"end":{"line":85,"column":2}},"28":{"start":{"line":74,"column":2},"end":{"line":84,"column":3}},"29":{"start":{"line":75,"column":21},"end":{"line":75,"column":63}},"30":{"start":{"line":77,"column":4},"end":{"line":79,"column":5}},"31":{"start":{"line":78,"column":6},"end":{"line":78,"column":52}},"32":{"start":{"line":80,"column":4},"end":{"line":80,"column":25}},"33":{"start":{"line":82,"column":4},"end":{"line":82,"column":54}},"34":{"start":{"line":83,"column":4},"end":{"line":83,"column":16}},"35":{"start":{"line":73,"column":13},"end":{"line":73,"column":35}},"36":{"start":{"line":91,"column":33},"end":{"line":104,"column":2}},"37":{"start":{"line":91,"column":68},"end":{"line":104,"column":2}},"38":{"start":{"line":92,"column":2},"end":{"line":103,"column":3}},"39":{"start":{"line":93,"column":21},"end":{"line":93,"column":66}},"40":{"start":{"line":95,"column":4},"end":{"line":97,"column":5}},"41":{"start":{"line":96,"column":6},"end":{"line":96,"column":52}},"42":{"start":{"line":99,"column":4},"end":{"line":99,"column":25}},"43":{"start":{"line":101,"column":4},"end":{"line":101,"column":54}},"44":{"start":{"line":102,"column":4},"end":{"line":102,"column":16}},"45":{"start":{"line":91,"column":13},"end":{"line":91,"column":33}}},"fnMap":{"0":{"name":"(anonymous_8)","decl":{"start":{"line":23,"column":28},"end":{"line":23,"column":35}},"loc":{"start":{"line":23,"column":51},"end":{"line":47,"column":2}}},"1":{"name":"(anonymous_9)","decl":{"start":{"line":23,"column":51},"end":{"line":23,"column":null}},"loc":{"start":{"line":23,"column":51},"end":{"line":47,"column":1}}},"2":{"name":"(anonymous_10)","decl":{"start":{"line":53,"column":29},"end":{"line":53,"column":52}},"loc":{"start":{"line":53,"column":54},"end":{"line":67,"column":2}}},"3":{"name":"(anonymous_11)","decl":{"start":{"line":53,"column":54},"end":{"line":53,"column":null}},"loc":{"start":{"line":53,"column":54},"end":{"line":67,"column":1}}},"4":{"name":"(anonymous_12)","decl":{"start":{"line":73,"column":35},"end":{"line":73,"column":58}},"loc":{"start":{"line":73,"column":60},"end":{"line":85,"column":2}}},"5":{"name":"(anonymous_13)","decl":{"start":{"line":73,"column":60},"end":{"line":73,"column":null}},"loc":{"start":{"line":73,"column":60},"end":{"line":85,"column":1}}},"6":{"name":"(anonymous_14)","decl":{"start":{"line":91,"column":33},"end":{"line":91,"column":40}},"loc":{"start":{"line":91,"column":68},"end":{"line":104,"column":2}}},"7":{"name":"(anonymous_15)","decl":{"start":{"line":91,"column":68},"end":{"line":91,"column":null}},"loc":{"start":{"line":91,"column":68},"end":{"line":104,"column":1}}}},"branchMap":{"0":{"loc":{"start":{"line":35,"column":4},"end":{"line":40,"column":5}},"type":"if","locations":[{"start":{"line":35,"column":4},"end":{"line":40,"column":5}}]},"1":{"loc":{"start":{"line":37,"column":30},"end":{"line":37,"column":67}},"type":"binary-expr","locations":[{"start":{"line":37,"column":30},"end":{"line":37,"column":42}},{"start":{"line":37,"column":46},"end":{"line":37,"column":67}}]},"2":{"loc":{"start":{"line":57,"column":4},"end":{"line":59,"column":5}},"type":"if","locations":[{"start":{"line":57,"column":4},"end":{"line":59,"column":5}}]},"3":{"loc":{"start":{"line":57,"column":8},"end":{"line":57,"column":35}},"type":"binary-expr","locations":[{"start":{"line":57,"column":8},"end":{"line":57,"column":17}},{"start":{"line":57,"column":21},"end":{"line":57,"column":35}}]},"4":{"loc":{"start":{"line":77,"column":4},"end":{"line":79,"column":5}},"type":"if","locations":[{"start":{"line":77,"column":4},"end":{"line":79,"column":5}}]},"5":{"loc":{"start":{"line":77,"column":8},"end":{"line":77,"column":35}},"type":"binary-expr","locations":[{"start":{"line":77,"column":8},"end":{"line":77,"column":17}},{"start":{"line":77,"column":21},"end":{"line":77,"column":35}}]},"6":{"loc":{"start":{"line":95,"column":4},"end":{"line":97,"column":5}},"type":"if","locations":[{"start":{"line":95,"column":4},"end":{"line":97,"column":5}}]},"7":{"loc":{"start":{"line":95,"column":8},"end":{"line":95,"column":35}},"type":"binary-expr","locations":[{"start":{"line":95,"column":8},"end":{"line":95,"column":17}},{"start":{"line":95,"column":21},"end":{"line":95,"column":35}}]}},"s":{"0":0,"1":0,"2":0,"3":0,"4":0,"5":0,"6":0,"7":0,"8":0,"9":0,"10":0,"11":0,"12":0,"13":0,"14":0,"15":0,"16":0,"17":0,"18":0,"19":0,"20":0,"21":0,"22":0,"23":0,"24":0,"25":0,"26":0,"27":0,"28":0,"29":0,"30":0,"31":0,"32":0,"33":0,"34":0,"35":0,"36":0,"37":0,"38":0,"39":0,"40":0,"41":0,"42":0,"43":0,"44":0,"45":0},"f":{"0":0,"1":0,"2":0,"3":0,"4":0,"5":0,"6":0,"7":0},"b":{"0":[0],"1":[0,0],"2":[0],"3":[0,0],"4":[0],"5":[0,0],"6":[0],"7":[0,0]}}
,"C:\\Users\\Vickel\\Documents\\project\\CommanderHut\\src\\services\\userService.ts": {"path":"C:\\Users\\Vickel\\Documents\\project\\CommanderHut\\src\\services\\userService.ts","statementMap":{"0":{"start":{"line":2,"column":0},"end":{"line":2,"column":26}},"1":{"start":{"line":3,"column":0},"end":{"line":3,"column":44}},"2":{"start":{"line":11,"column":34},"end":{"line":21,"column":2}},"3":{"start":{"line":11,"column":81},"end":{"line":21,"column":2}},"4":{"start":{"line":12,"column":2},"end":{"line":20,"column":3}},"5":{"start":{"line":13,"column":21},"end":{"line":13,"column":71}},"6":{"start":{"line":15,"column":4},"end":{"line":15,"column":25}},"7":{"start":{"line":18,"column":4},"end":{"line":18,"column":82}},"8":{"start":{"line":19,"column":4},"end":{"line":19,"column":14}},"9":{"start":{"line":11,"column":15},"end":{"line":11,"column":34}},"10":{"start":{"line":23,"column":25},"end":{"line":33,"column":4}},"11":{"start":{"line":23,"column":106},"end":{"line":33,"column":4}},"12":{"start":{"line":24,"column":4},"end":{"line":32,"column":5}},"13":{"start":{"line":25,"column":23},"end":{"line":27,"column":8}},"14":{"start":{"line":28,"column":6},"end":{"line":28,"column":22}},"15":{"start":{"line":30,"column":6},"end":{"line":30,"column":77}},"16":{"start":{"line":31,"column":6},"end":{"line":31,"column":18}},"17":{"start":{"line":23,"column":13},"end":{"line":23,"column":25}},"18":{"start":{"line":35,"column":28},"end":{"line":44,"column":6}},"19":{"start":{"line":35,"column":54},"end":{"line":44,"column":6}},"20":{"start":{"line":36,"column":6},"end":{"line":43,"column":7}},"21":{"start":{"line":37,"column":25},"end":{"line":39,"column":10}},"22":{"start":{"line":41,"column":8},"end":{"line":41,"column":80}},"23":{"start":{"line":42,"column":8},"end":{"line":42,"column":20}},"24":{"start":{"line":35,"column":15},"end":{"line":35,"column":28}}},"fnMap":{"0":{"name":"(anonymous_8)","decl":{"start":{"line":11,"column":34},"end":{"line":11,"column":41}},"loc":{"start":{"line":11,"column":81},"end":{"line":21,"column":2}}},"1":{"name":"(anonymous_9)","decl":{"start":{"line":11,"column":81},"end":{"line":11,"column":null}},"loc":{"start":{"line":11,"column":81},"end":{"line":21,"column":1}}},"2":{"name":"(anonymous_10)","decl":{"start":{"line":23,"column":25},"end":{"line":23,"column":32}},"loc":{"start":{"line":23,"column":106},"end":{"line":33,"column":4}}},"3":{"name":"(anonymous_11)","decl":{"start":{"line":23,"column":106},"end":{"line":23,"column":null}},"loc":{"start":{"line":23,"column":106},"end":{"line":33,"column":3}}},"4":{"name":"(anonymous_12)","decl":{"start":{"line":35,"column":28},"end":{"line":35,"column":52}},"loc":{"start":{"line":35,"column":54},"end":{"line":44,"column":6}}},"5":{"name":"(anonymous_13)","decl":{"start":{"line":35,"column":54},"end":{"line":35,"column":null}},"loc":{"start":{"line":35,"column":54},"end":{"line":44,"column":5}}}},"branchMap":{"0":{"loc":{"start":{"line":18,"column":51},"end":{"line":18,"column":80}},"type":"binary-expr","locations":[{"start":{"line":18,"column":51},"end":{"line":18,"column":71}},{"start":{"line":18,"column":75},"end":{"line":18,"column":80}}]},"1":{"loc":{"start":{"line":18,"column":51},"end":{"line":18,"column":71}},"type":"cond-expr","locations":[{"start":{"line":18,"column":65},"end":{"line":18,"column":67}},{"start":{"line":18,"column":65},"end":{"line":18,"column":71}}]},"2":{"loc":{"start":{"line":18,"column":51},"end":{"line":18,"column":67}},"type":"binary-expr","locations":[{"start":{"line":18,"column":51},"end":{"line":18,"column":67}},{"start":{"line":18,"column":65},"end":{"line":18,"column":67}}]},"3":{"loc":{"start":{"line":30,"column":46},"end":{"line":30,"column":75}},"type":"binary-expr","locations":[{"start":{"line":30,"column":46},"end":{"line":30,"column":66}},{"start":{"line":30,"column":70},"end":{"line":30,"column":75}}]},"4":{"loc":{"start":{"line":30,"column":46},"end":{"line":30,"column":66}},"type":"cond-expr","locations":[{"start":{"line":30,"column":60},"end":{"line":30,"column":62}},{"start":{"line":30,"column":60},"end":{"line":30,"column":66}}]},"5":{"loc":{"start":{"line":30,"column":46},"end":{"line":30,"column":62}},"type":"binary-expr","locations":[{"start":{"line":30,"column":46},"end":{"line":30,"column":62}},{"start":{"line":30,"column":60},"end":{"line":30,"column":62}}]},"6":{"loc":{"start":{"line":41,"column":49},"end":{"line":41,"column":78}},"type":"binary-expr","locations":[{"start":{"line":41,"column":49},"end":{"line":41,"column":69}},{"start":{"line":41,"column":73},"end":{"line":41,"column":78}}]},"7":{"loc":{"start":{"line":41,"column":49},"end":{"line":41,"column":69}},"type":"cond-expr","locations":[{"start":{"line":41,"column":63},"end":{"line":41,"column":65}},{"start":{"line":41,"column":63},"end":{"line":41,"column":69}}]},"8":{"loc":{"start":{"line":41,"column":49},"end":{"line":41,"column":65}},"type":"binary-expr","locations":[{"start":{"line":41,"column":49},"end":{"line":41,"column":65}},{"start":{"line":41,"column":63},"end":{"line":41,"column":65}}]}},"s":{"0":0,"1":0,"2":0,"3":0,"4":0,"5":0,"6":0,"7":0,"8":0,"9":0,"10":0,"11":0,"12":0,"13":0,"14":0,"15":0,"16":0,"17":0,"18":0,"19":0,"20":0,"21":0,"22":0,"23":0,"24":0},"f":{"0":0,"1":0,"2":0,"3":0,"4":0,"5":0},"b":{"0":[0,0],"1":[0,0],"2":[0,0],"3":[0,0],"4":[0,0],"5":[0,0],"6":[0,0],"7":[0,0],"8":[0,0]}}
,"C:\\Users\\Vickel\\Documents\\project\\CommanderHut\\src\\store\\AuthSlice.tsx": {"path":"C:\\Users\\Vickel\\Documents\\project\\CommanderHut\\src\\store\\AuthSlice.tsx","statementMap":{"0":{"start":{"line":1,"column":0},"end":{"line":1,"column":62}},"1":{"start":{"line":14,"column":32},"end":{"line":17,"column":2}},"2":{"start":{"line":19,"column":18},"end":{"line":32,"column":2}},"3":{"start":{"line":24,"column":6},"end":{"line":24,"column":35}},"4":{"start":{"line":25,"column":6},"end":{"line":25,"column":34}},"5":{"start":{"line":28,"column":6},"end":{"line":28,"column":36}},"6":{"start":{"line":29,"column":6},"end":{"line":29,"column":24}},"7":{"start":{"line":34,"column":13},"end":{"line":34,"column":33}},"8":{"start":{"line":35,"column":0},"end":{"line":35,"column":33}}},"fnMap":{"0":{"name":"(anonymous_0)","decl":{"start":{"line":23,"column":4},"end":{"line":23,"column":9}},"loc":{"start":{"line":23,"column":44},"end":{"line":26,"column":5}}},"1":{"name":"(anonymous_1)","decl":{"start":{"line":27,"column":4},"end":{"line":27,"column":10}},"loc":{"start":{"line":27,"column":16},"end":{"line":30,"column":5}}}},"branchMap":{},"s":{"0":0,"1":0,"2":0,"3":0,"4":0,"5":0,"6":0,"7":0,"8":0},"f":{"0":0,"1":0},"b":{}}
,"C:\\Users\\Vickel\\Documents\\project\\CommanderHut\\src\\store\\CardSlice.tsx": {"path":"C:\\Users\\Vickel\\Documents\\project\\CommanderHut\\src\\store\\CardSlice.tsx","statementMap":{"0":{"start":{"line":1,"column":0},"end":{"line":1,"column":62}},"1":{"start":{"line":12,"column":32},"end":{"line":16,"column":2}},"2":{"start":{"line":19,"column":18},"end":{"line":45,"column":2}},"3":{"start":{"line":25,"column":12},"end":{"line":25,"column":40}},"4":{"start":{"line":26,"column":12},"end":{"line":26,"column":34}},"5":{"start":{"line":27,"column":12},"end":{"line":27,"column":31}},"6":{"start":{"line":31,"column":12},"end":{"line":31,"column":33}},"7":{"start":{"line":35,"column":12},"end":{"line":35,"column":41}},"8":{"start":{"line":36,"column":12},"end":{"line":36,"column":34}},"9":{"start":{"line":40,"column":12},"end":{"line":40,"column":30}},"10":{"start":{"line":41,"column":12},"end":{"line":41,"column":34}},"11":{"start":{"line":42,"column":12},"end":{"line":42,"column":31}},"12":{"start":{"line":48,"column":13},"end":{"line":48,"column":60}},"13":{"start":{"line":51,"column":0},"end":{"line":51,"column":33}}},"fnMap":{"0":{"name":"(anonymous_0)","decl":{"start":{"line":24,"column":17},"end":{"line":24,"column":18}},"loc":{"start":{"line":24,"column":56},"end":{"line":28,"column":9}}},"1":{"name":"(anonymous_1)","decl":{"start":{"line":30,"column":20},"end":{"line":30,"column":21}},"loc":{"start":{"line":30,"column":30},"end":{"line":32,"column":9}}},"2":{"name":"(anonymous_2)","decl":{"start":{"line":34,"column":18},"end":{"line":34,"column":19}},"loc":{"start":{"line":34,"column":59},"end":{"line":37,"column":9}}},"3":{"name":"(anonymous_3)","decl":{"start":{"line":39,"column":19},"end":{"line":39,"column":20}},"loc":{"start":{"line":39,"column":29},"end":{"line":43,"column":9}}}},"branchMap":{},"s":{"0":0,"1":0,"2":0,"3":0,"4":0,"5":0,"6":0,"7":0,"8":0,"9":0,"10":0,"11":0,"12":0,"13":0},"f":{"0":0,"1":0,"2":0,"3":0},"b":{}}
,"C:\\Users\\Vickel\\Documents\\project\\CommanderHut\\src\\utils\\chatPrompt.ts": {"path":"C:\\Users\\Vickel\\Documents\\project\\CommanderHut\\src\\utils\\chatPrompt.ts","statementMap":{"0":{"start":{"line":8,"column":0},"end":{"line":8,"column":16}},"1":{"start":{"line":3,"column":22},"end":{"line":6,"column":46}},"2":{"start":{"line":9,"column":23},"end":{"line":11,"column":15}},"3":{"start":{"line":10,"column":14},"end":{"line":10,"column":73}},"4":{"start":{"line":12,"column":2},"end":{"line":14,"column":20}}},"fnMap":{"0":{"name":"buildPromptFromMessages","decl":{"start":{"line":8,"column":16},"end":{"line":8,"column":39}},"loc":{"start":{"line":8,"column":59},"end":{"line":15,"column":1}}},"1":{"name":"(anonymous_1)","decl":{"start":{"line":10,"column":9},"end":{"line":10,"column":10}},"loc":{"start":{"line":10,"column":14},"end":{"line":10,"column":73}}}},"branchMap":{"0":{"loc":{"start":{"line":10,"column":17},"end":{"line":10,"column":57}},"type":"cond-expr","locations":[{"start":{"line":10,"column":37},"end":{"line":10,"column":43}},{"start":{"line":10,"column":46},"end":{"line":10,"column":57}}]},"1":{"loc":{"start":{"line":12,"column":9},"end":{"line":14,"column":19}},"type":"cond-expr","locations":[{"start":{"line":13,"column":6},"end":{"line":13,"column":43}},{"start":{"line":14,"column":6},"end":{"line":14,"column":19}}]}},"s":{"0":1,"1":1,"2":4,"3":5,"4":4},"f":{"0":4,"1":5},"b":{"0":[3,2],"1":[3,1]}}
,"C:\\Users\\Vickel\\Documents\\project\\CommanderHut\\src\\utils\\helpers.tsx": {"path":"C:\\Users\\Vickel\\Documents\\project\\CommanderHut\\src\\utils\\helpers.tsx","statementMap":{"0":{"start":{"line":2,"column":24},"end":{"line":8,"column":3}},"1":{"start":{"line":4,"column":4},"end":{"line":7,"column":6}},"2":{"start":{"line":5,"column":6},"end":{"line":5,"column":30}},"3":{"start":{"line":6,"column":6},"end":{"line":6,"column":57}},"4":{"start":{"line":6,"column":35},"end":{"line":6,"column":48}},"5":{"start":{"line":2,"column":13},"end":{"line":2,"column":24}}},"fnMap":{"0":{"name":"(anonymous_0)","decl":{"start":{"line":2,"column":24},"end":{"line":2,"column":25}},"loc":{"start":{"line":2,"column":74},"end":{"line":8,"column":3}}},"1":{"name":"(anonymous_1)","decl":{"start":{"line":4,"column":11},"end":{"line":4,"column":12}},"loc":{"start":{"line":4,"column":30},"end":{"line":7,"column":5}}},"2":{"name":"(anonymous_2)","decl":{"start":{"line":6,"column":29},"end":{"line":6,"column":32}},"loc":{"start":{"line":6,"column":35},"end":{"line":6,"column":48}}}},"branchMap":{},"s":{"0":0,"1":0,"2":0,"3":0,"4":0,"5":0},"f":{"0":0,"1":0,"2":0},"b":{}}
}
