{"/Users/vickelleung/Documents/GitHub/CommanderHut/src/Components/Card.tsx": {"path":"/Users/vickelleung/Documents/GitHub/CommanderHut/src/Components/Card.tsx","statementMap":{"0":{"start":{"line":1,"column":0},"end":{"line":1,"column":41}},"1":{"start":{"line":2,"column":0},"end":{"line":2,"column":55}},"2":{"start":{"line":3,"column":0},"end":{"line":3,"column":59}},"3":{"start":{"line":4,"column":0},"end":{"line":4,"column":67}},"4":{"start":{"line":7,"column":23},"end":{"line":36,"column":1}},"5":{"start":{"line":8,"column":21},"end":{"line":8,"column":34}},"6":{"start":{"line":9,"column":37},"end":{"line":9,"column":82}},"7":{"start":{"line":9,"column":71},"end":{"line":9,"column":81}},"8":{"start":{"line":11,"column":4},"end":{"line":24,"column":19}},"9":{"start":{"line":13,"column":28},"end":{"line":21,"column":10}},"10":{"start":{"line":13,"column":39},"end":{"line":21,"column":10}},"11":{"start":{"line":14,"column":12},"end":{"line":14,"column":35}},"12":{"start":{"line":15,"column":12},"end":{"line":20,"column":13}},"13":{"start":{"line":16,"column":33},"end":{"line":16,"column":73}},"14":{"start":{"line":17,"column":16},"end":{"line":17,"column":44}},"15":{"start":{"line":19,"column":16},"end":{"line":19,"column":59}},"16":{"start":{"line":23,"column":8},"end":{"line":23,"column":22}},"17":{"start":{"line":26,"column":4},"end":{"line":26,"column":46}},"18":{"start":{"line":26,"column":17},"end":{"line":26,"column":46}},"19":{"start":{"line":27,"column":4},"end":{"line":27,"column":41}},"20":{"start":{"line":27,"column":15},"end":{"line":27,"column":41}},"21":{"start":{"line":29,"column":4},"end":{"line":35,"column":6}},"22":{"start":{"line":38,"column":0},"end":{"line":38,"column":20}}},"fnMap":{"0":{"name":"(anonymous_7)","decl":{"start":{"line":7,"column":23},"end":{"line":7,"column":26}},"loc":{"start":{"line":7,"column":28},"end":{"line":36,"column":1}}},"1":{"name":"(anonymous_8)","decl":{"start":{"line":9,"column":49},"end":{"line":9,"column":50}},"loc":{"start":{"line":9,"column":71},"end":{"line":9,"column":81}}},"2":{"name":"(anonymous_9)","decl":{"start":{"line":11,"column":14},"end":{"line":11,"column":17}},"loc":{"start":{"line":11,"column":19},"end":{"line":24,"column":5}}},"3":{"name":"(anonymous_10)","decl":{"start":{"line":13,"column":28},"end":{"line":13,"column":37}},"loc":{"start":{"line":13,"column":39},"end":{"line":21,"column":10}}},"4":{"name":"(anonymous_11)","decl":{"start":{"line":13,"column":39},"end":{"line":13,"column":null}},"loc":{"start":{"line":13,"column":39},"end":{"line":21,"column":9}}}},"branchMap":{"0":{"loc":{"start":{"line":26,"column":4},"end":{"line":26,"column":46}},"type":"if","locations":[{"start":{"line":26,"column":4},"end":{"line":26,"column":46}}]},"1":{"loc":{"start":{"line":27,"column":4},"end":{"line":27,"column":41}},"type":"if","locations":[{"start":{"line":27,"column":4},"end":{"line":27,"column":41}}]},"2":{"loc":{"start":{"line":31,"column":17},"end":{"line":31,"column":27}},"type":"cond-expr","locations":[{"start":{"line":31,"column":21},"end":{"line":31,"column":23}},{"start":{"line":31,"column":17},"end":{"line":31,"column":27}}]},"3":{"loc":{"start":{"line":31,"column":17},"end":{"line":31,"column":23}},"type":"binary-expr","locations":[{"start":{"line":31,"column":17},"end":{"line":31,"column":23}},{"start":{"line":31,"column":17},"end":{"line":31,"column":23}}]},"4":{"loc":{"start":{"line":32,"column":22},"end":{"line":32,"column":45}},"type":"cond-expr","locations":[{"start":{"line":32,"column":26},"end":{"line":32,"column":28}},{"start":{"line":32,"column":22},"end":{"line":32,"column":45}}]},"5":{"loc":{"start":{"line":32,"column":22},"end":{"line":32,"column":28}},"type":"binary-expr","locations":[{"start":{"line":32,"column":22},"end":{"line":32,"column":28}},{"start":{"line":32,"column":22},"end":{"line":32,"column":28}}]},"6":{"loc":{"start":{"line":32,"column":52},"end":{"line":32,"column":62}},"type":"cond-expr","locations":[{"start":{"line":32,"column":56},"end":{"line":32,"column":58}},{"start":{"line":32,"column":52},"end":{"line":32,"column":62}}]},"7":{"loc":{"start":{"line":32,"column":52},"end":{"line":32,"column":58}},"type":"binary-expr","locations":[{"start":{"line":32,"column":52},"end":{"line":32,"column":58}},{"start":{"line":32,"column":52},"end":{"line":32,"column":58}}]},"8":{"loc":{"start":{"line":33,"column":16},"end":{"line":33,"column":33}},"type":"cond-expr","locations":[{"start":{"line":33,"column":20},"end":{"line":33,"column":22}},{"start":{"line":33,"column":16},"end":{"line":33,"column":33}}]},"9":{"loc":{"start":{"line":33,"column":16},"end":{"line":33,"column":22}},"type":"binary-expr","locations":[{"start":{"line":33,"column":16},"end":{"line":33,"column":22}},{"start":{"line":33,"column":16},"end":{"line":33,"column":22}}]}},"s":{"0":0,"1":0,"2":0,"3":0,"4":0,"5":0,"6":0,"7":0,"8":0,"9":0,"10":0,"11":0,"12":0,"13":0,"14":0,"15":0,"16":0,"17":0,"18":0,"19":0,"20":0,"21":0,"22":0},"f":{"0":0,"1":0,"2":0,"3":0,"4":0},"b":{"0":[0],"1":[0],"2":[0,0],"3":[0,0],"4":[0,0],"5":[0,0],"6":[0,0],"7":[0,0],"8":[0,0],"9":[0,0]}}
,"/Users/vickelleung/Documents/GitHub/CommanderHut/src/Components/Navbar.tsx": {"path":"/Users/vickelleung/Documents/GitHub/CommanderHut/src/Components/Navbar.tsx","statementMap":{"0":{"start":{"line":1,"column":0},"end":{"line":1,"column":40}},"1":{"start":{"line":10,"column":15},"end":{"line":20,"column":1}},"2":{"start":{"line":11,"column":4},"end":{"line":19,"column":6}},"3":{"start":{"line":15,"column":20},"end":{"line":15,"column":null}},"4":{"start":{"line":22,"column":0},"end":{"line":22,"column":22}}},"fnMap":{"0":{"name":"(anonymous_0)","decl":{"start":{"line":10,"column":15},"end":{"line":10,"column":16}},"loc":{"start":{"line":10,"column":34},"end":{"line":20,"column":1}}},"1":{"name":"(anonymous_1)","decl":{"start":{"line":14,"column":25},"end":{"line":14,"column":26}},"loc":{"start":{"line":14,"column":34},"end":{"line":16,"column":17}}}},"branchMap":{},"s":{"0":0,"1":0,"2":0,"3":0,"4":0},"f":{"0":0,"1":0},"b":{}}
,"/Users/vickelleung/Documents/GitHub/CommanderHut/src/pages/CardPage.tsx": {"path":"/Users/vickelleung/Documents/GitHub/CommanderHut/src/pages/CardPage.tsx","statementMap":{"0":{"start":{"line":1,"column":0},"end":{"line":1,"column":41}},"1":{"start":{"line":2,"column":0},"end":{"line":2,"column":55}},"2":{"start":{"line":3,"column":0},"end":{"line":3,"column":59}},"3":{"start":{"line":4,"column":0},"end":{"line":4,"column":67}},"4":{"start":{"line":7,"column":27},"end":{"line":36,"column":1}},"5":{"start":{"line":8,"column":21},"end":{"line":8,"column":34}},"6":{"start":{"line":9,"column":37},"end":{"line":9,"column":82}},"7":{"start":{"line":9,"column":71},"end":{"line":9,"column":81}},"8":{"start":{"line":11,"column":4},"end":{"line":24,"column":19}},"9":{"start":{"line":13,"column":28},"end":{"line":21,"column":10}},"10":{"start":{"line":13,"column":39},"end":{"line":21,"column":10}},"11":{"start":{"line":14,"column":12},"end":{"line":14,"column":35}},"12":{"start":{"line":15,"column":12},"end":{"line":20,"column":13}},"13":{"start":{"line":16,"column":33},"end":{"line":16,"column":73}},"14":{"start":{"line":17,"column":16},"end":{"line":17,"column":44}},"15":{"start":{"line":19,"column":16},"end":{"line":19,"column":59}},"16":{"start":{"line":23,"column":8},"end":{"line":23,"column":22}},"17":{"start":{"line":26,"column":4},"end":{"line":26,"column":46}},"18":{"start":{"line":26,"column":17},"end":{"line":26,"column":46}},"19":{"start":{"line":27,"column":4},"end":{"line":27,"column":41}},"20":{"start":{"line":27,"column":15},"end":{"line":27,"column":41}},"21":{"start":{"line":29,"column":4},"end":{"line":35,"column":6}},"22":{"start":{"line":38,"column":0},"end":{"line":38,"column":24}}},"fnMap":{"0":{"name":"(anonymous_7)","decl":{"start":{"line":7,"column":27},"end":{"line":7,"column":30}},"loc":{"start":{"line":7,"column":32},"end":{"line":36,"column":1}}},"1":{"name":"(anonymous_8)","decl":{"start":{"line":9,"column":49},"end":{"line":9,"column":50}},"loc":{"start":{"line":9,"column":71},"end":{"line":9,"column":81}}},"2":{"name":"(anonymous_9)","decl":{"start":{"line":11,"column":14},"end":{"line":11,"column":17}},"loc":{"start":{"line":11,"column":19},"end":{"line":24,"column":5}}},"3":{"name":"(anonymous_10)","decl":{"start":{"line":13,"column":28},"end":{"line":13,"column":37}},"loc":{"start":{"line":13,"column":39},"end":{"line":21,"column":10}}},"4":{"name":"(anonymous_11)","decl":{"start":{"line":13,"column":39},"end":{"line":13,"column":null}},"loc":{"start":{"line":13,"column":39},"end":{"line":21,"column":9}}}},"branchMap":{"0":{"loc":{"start":{"line":26,"column":4},"end":{"line":26,"column":46}},"type":"if","locations":[{"start":{"line":26,"column":4},"end":{"line":26,"column":46}}]},"1":{"loc":{"start":{"line":27,"column":4},"end":{"line":27,"column":41}},"type":"if","locations":[{"start":{"line":27,"column":4},"end":{"line":27,"column":41}}]},"2":{"loc":{"start":{"line":31,"column":17},"end":{"line":31,"column":27}},"type":"cond-expr","locations":[{"start":{"line":31,"column":21},"end":{"line":31,"column":23}},{"start":{"line":31,"column":17},"end":{"line":31,"column":27}}]},"3":{"loc":{"start":{"line":31,"column":17},"end":{"line":31,"column":23}},"type":"binary-expr","locations":[{"start":{"line":31,"column":17},"end":{"line":31,"column":23}},{"start":{"line":31,"column":17},"end":{"line":31,"column":23}}]},"4":{"loc":{"start":{"line":32,"column":22},"end":{"line":32,"column":45}},"type":"cond-expr","locations":[{"start":{"line":32,"column":26},"end":{"line":32,"column":28}},{"start":{"line":32,"column":22},"end":{"line":32,"column":45}}]},"5":{"loc":{"start":{"line":32,"column":22},"end":{"line":32,"column":28}},"type":"binary-expr","locations":[{"start":{"line":32,"column":22},"end":{"line":32,"column":28}},{"start":{"line":32,"column":22},"end":{"line":32,"column":28}}]},"6":{"loc":{"start":{"line":32,"column":52},"end":{"line":32,"column":62}},"type":"cond-expr","locations":[{"start":{"line":32,"column":56},"end":{"line":32,"column":58}},{"start":{"line":32,"column":52},"end":{"line":32,"column":62}}]},"7":{"loc":{"start":{"line":32,"column":52},"end":{"line":32,"column":58}},"type":"binary-expr","locations":[{"start":{"line":32,"column":52},"end":{"line":32,"column":58}},{"start":{"line":32,"column":52},"end":{"line":32,"column":58}}]},"8":{"loc":{"start":{"line":33,"column":16},"end":{"line":33,"column":33}},"type":"cond-expr","locations":[{"start":{"line":33,"column":20},"end":{"line":33,"column":22}},{"start":{"line":33,"column":16},"end":{"line":33,"column":33}}]},"9":{"loc":{"start":{"line":33,"column":16},"end":{"line":33,"column":22}},"type":"binary-expr","locations":[{"start":{"line":33,"column":16},"end":{"line":33,"column":22}},{"start":{"line":33,"column":16},"end":{"line":33,"column":22}}]}},"s":{"0":0,"1":0,"2":0,"3":0,"4":0,"5":0,"6":0,"7":0,"8":0,"9":0,"10":0,"11":0,"12":0,"13":0,"14":0,"15":0,"16":0,"17":0,"18":0,"19":0,"20":0,"21":0,"22":0},"f":{"0":0,"1":0,"2":0,"3":0,"4":0},"b":{"0":[0],"1":[0],"2":[0,0],"3":[0,0],"4":[0,0],"5":[0,0],"6":[0,0],"7":[0,0],"8":[0,0],"9":[0,0]}}
,"/Users/vickelleung/Documents/GitHub/CommanderHut/src/pages/Home.tsx": {"path":"/Users/vickelleung/Documents/GitHub/CommanderHut/src/pages/Home.tsx","statementMap":{"0":{"start":{"line":3,"column":0},"end":{"line":3,"column":39}},"1":{"start":{"line":5,"column":0},"end":{"line":5,"column":38}},"2":{"start":{"line":7,"column":23},"end":{"line":16,"column":1}},"3":{"start":{"line":10,"column":4},"end":{"line":15,"column":6}},"4":{"start":{"line":18,"column":0},"end":{"line":18,"column":20}},"5":{"start":{"line":20,"column":22},"end":{"line":20,"column":34}}},"fnMap":{"0":{"name":"(anonymous_1)","decl":{"start":{"line":7,"column":23},"end":{"line":7,"column":26}},"loc":{"start":{"line":7,"column":28},"end":{"line":16,"column":1}}}},"branchMap":{},"s":{"0":0,"1":0,"2":0,"3":0,"4":0,"5":0},"f":{"0":0},"b":{}}
,"/Users/vickelleung/Documents/GitHub/CommanderHut/src/store/cardSlice.tsx": {"path":"/Users/vickelleung/Documents/GitHub/CommanderHut/src/store/cardSlice.tsx","statementMap":{"0":{"start":{"line":1,"column":0},"end":{"line":1,"column":62}},"1":{"start":{"line":12,"column":32},"end":{"line":16,"column":2}},"2":{"start":{"line":19,"column":18},"end":{"line":45,"column":2}},"3":{"start":{"line":25,"column":12},"end":{"line":25,"column":40}},"4":{"start":{"line":26,"column":12},"end":{"line":26,"column":34}},"5":{"start":{"line":27,"column":12},"end":{"line":27,"column":31}},"6":{"start":{"line":31,"column":12},"end":{"line":31,"column":33}},"7":{"start":{"line":35,"column":12},"end":{"line":35,"column":41}},"8":{"start":{"line":36,"column":12},"end":{"line":36,"column":34}},"9":{"start":{"line":40,"column":12},"end":{"line":40,"column":30}},"10":{"start":{"line":41,"column":12},"end":{"line":41,"column":34}},"11":{"start":{"line":42,"column":12},"end":{"line":42,"column":31}},"12":{"start":{"line":48,"column":13},"end":{"line":48,"column":60}},"13":{"start":{"line":51,"column":0},"end":{"line":51,"column":33}}},"fnMap":{"0":{"name":"(anonymous_0)","decl":{"start":{"line":24,"column":17},"end":{"line":24,"column":18}},"loc":{"start":{"line":24,"column":56},"end":{"line":28,"column":9}}},"1":{"name":"(anonymous_1)","decl":{"start":{"line":30,"column":20},"end":{"line":30,"column":21}},"loc":{"start":{"line":30,"column":30},"end":{"line":32,"column":9}}},"2":{"name":"(anonymous_2)","decl":{"start":{"line":34,"column":18},"end":{"line":34,"column":19}},"loc":{"start":{"line":34,"column":59},"end":{"line":37,"column":9}}},"3":{"name":"(anonymous_3)","decl":{"start":{"line":39,"column":19},"end":{"line":39,"column":20}},"loc":{"start":{"line":39,"column":29},"end":{"line":43,"column":9}}}},"branchMap":{},"s":{"0":0,"1":0,"2":0,"3":0,"4":0,"5":0,"6":0,"7":0,"8":0,"9":0,"10":0,"11":0,"12":0,"13":0},"f":{"0":0,"1":0,"2":0,"3":0},"b":{}}
,"/Users/vickelleung/Documents/GitHub/CommanderHut/src/store/store.ts": {"path":"/Users/vickelleung/Documents/GitHub/CommanderHut/src/store/store.ts","statementMap":{"0":{"start":{"line":1,"column":0},"end":{"line":1,"column":50}},"1":{"start":{"line":2,"column":0},"end":{"line":2,"column":38}},"2":{"start":{"line":4,"column":14},"end":{"line":8,"column":2}},"3":{"start":{"line":13,"column":0},"end":{"line":13,"column":21}}},"fnMap":{},"branchMap":{},"s":{"0":0,"1":0,"2":0,"3":0},"f":{},"b":{}}
}
